<?xml version="1.0" encoding="UTF-8"?>
<testsuite xmlns:xsi="http://www.w3.org/2001/XMLSchema-instance" xsi:noNamespaceSchemaLocation="https://maven.apache.org/surefire/maven-surefire-plugin/xsd/surefire-test-report.xsd" version="3.0.2" name="bookstore.sharib.ServiceControllerTest" time="12.049" tests="4" errors="0" skipped="0" failures="2" flakes="0">
  <properties>
[...]
</properties>
  <testcase name="whenRequestGetFind_thenNotOK" classname="bookstore.sharib.ServiceControllerTest" time="0.514">
    <system-out><![CDATA[15:16:10.531 [main] INFO bookstore.sharib.ServiceControllerTest -- Starting tests...

  .   ____          _            __ _ _
 /\\ / ___'_ __ _ _(_)_ __  __ _ \ \ \ \
( ( )\___ | '_ | '_| | '_ \/ _` | \ \ \ \
 \\/  ___)| |_)| | | | | || (_| |  ) ) ) )
  '  |____| .__|_| |_|_| |_\__, | / / / /
 =========|_|==============|___/=/_/_/_/

 :: Spring Boot ::                (v4.0.6)

2026-06-07T15:16:11.062+08:00  WARN 29468 --- [           main] ory$DuplicateJsonObjectContextCustomizer : 

Found multiple occurrences of org.json.JSONObject on the class path:

	jar:file:/C:/Users/Sharib/.m2/repository/com/vaadin/external/google/android-json/0.0.20131108.vaadin1/android-json-0.0.20131108.vaadin1.jar!/org/json/JSONObject.class
	jar:file:/C:/Users/Sharib/.m2/repository/org/json/json/20260522/json-20260522.jar!/org/json/JSONObject.class

You may wish to exclude one of them to ensure predictable runtime behavior

2026-06-07T15:16:11.081+08:00  INFO 29468 --- [           main] bookstore.sharib.ServiceControllerTest   : Starting ServiceControllerTest using Java 24.0.1 with PID 29468 (started by Sharib in C:\git\BookstoreDXC)
2026-06-07T15:16:11.082+08:00  INFO 29468 --- [           main] bookstore.sharib.ServiceControllerTest   : No active profile set, falling back to 1 default profile: "default"
2026-06-07T15:16:12.144+08:00  INFO 29468 --- [           main] .s.d.r.c.RepositoryConfigurationDelegate : Bootstrapping Spring Data JPA repositories in DEFAULT mode.
2026-06-07T15:16:12.204+08:00  INFO 29468 --- [           main] .s.d.r.c.RepositoryConfigurationDelegate : Finished Spring Data repository scanning in 50 ms. Found 2 JPA repository interfaces.
2026-06-07T15:16:12.942+08:00  INFO 29468 --- [           main] o.s.boot.tomcat.TomcatWebServer          : Tomcat initialized with port 8080 (http)
2026-06-07T15:16:12.952+08:00  INFO 29468 --- [           main] o.apache.catalina.core.StandardService   : Starting service [Tomcat]
2026-06-07T15:16:12.953+08:00  INFO 29468 --- [           main] o.apache.catalina.core.StandardEngine    : Starting Servlet engine: [Apache Tomcat/11.0.21]
2026-06-07T15:16:13.010+08:00  INFO 29468 --- [           main] b.w.c.s.WebApplicationContextInitializer : Root WebApplicationContext: initialization completed in 1895 ms
2026-06-07T15:16:13.302+08:00  INFO 29468 --- [           main] org.hibernate.orm.jpa                    : HHH008540: Processing PersistenceUnitInfo [name: default]
2026-06-07T15:16:13.358+08:00  INFO 29468 --- [           main] org.hibernate.orm.core                   : HHH000001: Hibernate ORM core version 7.3.6.Final
2026-06-07T15:16:13.741+08:00  INFO 29468 --- [           main] o.s.o.j.p.SpringPersistenceUnitInfo      : No LoadTimeWeaver setup: ignoring JPA class transformer
2026-06-07T15:16:13.779+08:00  INFO 29468 --- [           main] com.zaxxer.hikari.HikariDataSource       : HikariPool-1 - Starting...
2026-06-07T15:16:13.928+08:00  INFO 29468 --- [           main] com.zaxxer.hikari.pool.HikariPool        : HikariPool-1 - Added connection conn0: url=jdbc:h2:mem:db user=SA
2026-06-07T15:16:13.929+08:00  INFO 29468 --- [           main] com.zaxxer.hikari.HikariDataSource       : HikariPool-1 - Start completed.
2026-06-07T15:16:13.948+08:00  WARN 29468 --- [           main] org.hibernate.orm.deprecation            : HHH90000025: H2Dialect does not need to be specified explicitly using 'hibernate.dialect' (remove the property setting and it will be selected by default)
2026-06-07T15:16:13.968+08:00  INFO 29468 --- [           main] org.hibernate.orm.connections.pooling    : HHH10001005: Database info:
	Database JDBC URL [jdbc:h2:mem:db]
	Database driver: H2 JDBC Driver
	Database dialect: H2Dialect
	Database version: 2.4.240
	Default catalog/schema: DB/PUBLIC
	Autocommit mode: undefined/unknown
	Isolation level: READ_COMMITTED [default READ_COMMITTED]
	JDBC fetch size: 100
	Pool: DataSourceConnectionProvider
	Minimum pool size: undefined/unknown
	Maximum pool size: undefined/unknown
2026-06-07T15:16:14.704+08:00  INFO 29468 --- [           main] org.hibernate.orm.core                   : HHH000489: No JTA platform available (set 'hibernate.transaction.jta.platform' to enable JTA platform integration)
2026-06-07T15:16:14.735+08:00  INFO 29468 --- [           main] j.LocalContainerEntityManagerFactoryBean : Initialized JPA EntityManagerFactory for persistence unit 'default'
2026-06-07T15:16:14.829+08:00  INFO 29468 --- [           main] o.s.d.j.r.query.QueryEnhancerFactories   : Hibernate is in classpath; If applicable, HQL parser will be used.
2026-06-07T15:16:15.782+08:00  WARN 29468 --- [           main] JpaBaseConfiguration$JpaWebConfiguration : spring.jpa.open-in-view is enabled by default. Therefore, database queries may be performed during view rendering. Explicitly configure spring.jpa.open-in-view to disable this warning
2026-06-07T15:16:16.046+08:00  INFO 29468 --- [           main] r$InitializeUserDetailsManagerConfigurer : Global AuthenticationManager configured with UserDetailsService bean with name userDetailsService
2026-06-07T15:16:16.943+08:00  INFO 29468 --- [           main] o.s.b.a.e.web.EndpointLinksResolver      : Exposing 1 endpoint beneath base path '/actuator'
2026-06-07T15:16:17.172+08:00  INFO 29468 --- [           main] o.s.boot.tomcat.TomcatWebServer          : Tomcat started on port 8080 (http) with context path '/'
2026-06-07T15:16:17.195+08:00  INFO 29468 --- [           main] bookstore.sharib.ServiceControllerTest   : Started ServiceControllerTest in 6.409 seconds (process running for 7.612)
2026-06-07T15:16:17.397+08:00  INFO 29468 --- [           main] bookstore.sharib.InitAndLoadDatabase     : initAuthorsRepository
2026-06-07T15:16:17.398+08:00  INFO 29468 --- [           main] bookstore.sharib.InitAndLoadDatabase     : From file: C:/git/BookstoreDXC/src/main/resources/authors.csv
2026-06-07T15:16:17.414+08:00  INFO 29468 --- [           main] bookstore.sharib.InitAndLoadDatabase     : Uploading file: C:\git\BookstoreDXC\src\main\resources\authors.csv
2026-06-07T15:16:17.416+08:00  INFO 29468 --- [           main] bookstore.sharib.InitAndLoadDatabase     : lineString: Harper Lee, 28/04/1926, 
2026-06-07T15:16:17.416+08:00  INFO 29468 --- [           main] bookstore.sharib.InitAndLoadDatabase     : author.toString(): Authors [name=Harper Lee, birthday=28/04/1926]
2026-06-07T15:16:17.770+08:00  INFO 29468 --- [           main] bookstore.sharib.InitAndLoadDatabase     : lineString: George Orwell, 25/06/1903, 
2026-06-07T15:16:17.771+08:00  INFO 29468 --- [           main] bookstore.sharib.InitAndLoadDatabase     : author.toString(): Authors [name=George Orwell, birthday=25/06/1903]
2026-06-07T15:16:17.774+08:00  INFO 29468 --- [           main] bookstore.sharib.InitAndLoadDatabase     : lineString: J.K. Rowling, 31/07/1965, 
2026-06-07T15:16:17.774+08:00  INFO 29468 --- [           main] bookstore.sharib.InitAndLoadDatabase     : author.toString(): Authors [name=J.K. Rowling, birthday=31/07/1965]
2026-06-07T15:16:17.777+08:00  INFO 29468 --- [           main] bookstore.sharib.InitAndLoadDatabase     : insertCount: 3
2026-06-07T15:16:17.778+08:00  INFO 29468 --- [           main] bookstore.sharib.InitAndLoadDatabase     : Authors Repository initialized and loaded!
2026-06-07T15:16:17.778+08:00  INFO 29468 --- [           main] bookstore.sharib.InitAndLoadDatabase     : initBooksRepository
2026-06-07T15:16:17.778+08:00  INFO 29468 --- [           main] bookstore.sharib.InitAndLoadDatabase     : From file: C:/git/BookstoreDXC/src/main/resources/books.csv
2026-06-07T15:16:17.780+08:00  INFO 29468 --- [           main] bookstore.sharib.InitAndLoadDatabase     : Uploading file: C:\git\BookstoreDXC\src\main\resources\books.csv
2026-06-07T15:16:17.780+08:00  INFO 29468 --- [           main] bookstore.sharib.InitAndLoadDatabase     : lineString: 9780060935467, To Kill a Mockingbird, ["Harper Lee"], 1960, 9.99, Classic Fiction, 
2026-06-07T15:16:17.785+08:00  INFO 29468 --- [           main] bookstore.sharib.InitAndLoadDatabase     : Authors: [Harper Lee]
2026-06-07T15:16:17.789+08:00  INFO 29468 --- [           main] bookstore.sharib.InitAndLoadDatabase     : book.toString(): Books [isbn=9780060935467, title=To Kill a Mockingbird, authors=[Harper Lee], yearPublished=1960, price=9.99, genre=Classic Fiction]
2026-06-07T15:16:17.817+08:00  INFO 29468 --- [           main] bookstore.sharib.InitAndLoadDatabase     : lineString: 9780143124177, 1984, ["George Orwell"], 1949, 10.5, Sci-Fi, 
2026-06-07T15:16:17.817+08:00  INFO 29468 --- [           main] bookstore.sharib.InitAndLoadDatabase     : Authors: [George Orwell]
2026-06-07T15:16:17.818+08:00  INFO 29468 --- [           main] bookstore.sharib.InitAndLoadDatabase     : book.toString(): Books [isbn=9780143124177, title=1984, authors=[George Orwell], yearPublished=1949, price=10.5, genre=Sci-Fi]
2026-06-07T15:16:17.823+08:00  INFO 29468 --- [           main] bookstore.sharib.InitAndLoadDatabase     : lineString: 9780545010221, Harry Potter and the Sorcerer's Stone, ["J.K. Rowling"], 1997, 8.99, Fantasy, 
2026-06-07T15:16:17.824+08:00  INFO 29468 --- [           main] bookstore.sharib.InitAndLoadDatabase     : Authors: [J.K. Rowling]
2026-06-07T15:16:17.824+08:00  INFO 29468 --- [           main] bookstore.sharib.InitAndLoadDatabase     : book.toString(): Books [isbn=9780545010221, title=Harry Potter and the Sorcerer's Stone, authors=[J.K. Rowling], yearPublished=1997, price=8.99, genre=Fantasy]
2026-06-07T15:16:17.830+08:00  INFO 29468 --- [           main] bookstore.sharib.InitAndLoadDatabase     : lineString: 9780545010222, Harry Potter and the Sorcerer's Stone 2, ["J.K. Rowling", "J.K. Bowling"], 1999, 8.99, Fantasy, 
2026-06-07T15:16:17.831+08:00  INFO 29468 --- [           main] bookstore.sharib.InitAndLoadDatabase     : Authors: [J.K. Rowling, J.K. Bowling]
2026-06-07T15:16:17.831+08:00  INFO 29468 --- [           main] bookstore.sharib.InitAndLoadDatabase     : book.toString(): Books [isbn=9780545010222, title=Harry Potter and the Sorcerer's Stone 2, authors=[J.K. Rowling, J.K. Bowling], yearPublished=1999, price=8.99, genre=Fantasy]
2026-06-07T15:16:17.837+08:00  INFO 29468 --- [           main] bookstore.sharib.InitAndLoadDatabase     : lineString: 9780545010223, 1984 To Kill a Mockingbird, ["George Orwell", "Harper Lee"], 1949, 10.5, Sci-Fi, 
2026-06-07T15:16:17.837+08:00  INFO 29468 --- [           main] bookstore.sharib.InitAndLoadDatabase     : Authors: [George Orwell, Harper Lee]
2026-06-07T15:16:17.838+08:00  INFO 29468 --- [           main] bookstore.sharib.InitAndLoadDatabase     : book.toString(): Books [isbn=9780545010223, title=1984 To Kill a Mockingbird, authors=[George Orwell, Harper Lee], yearPublished=1949, price=10.5, genre=Sci-Fi]
2026-06-07T15:16:17.848+08:00  INFO 29468 --- [           main] bookstore.sharib.InitAndLoadDatabase     : lineString: 9780545010224, Harry Potter and the Sorcerer's Stone 4, ["J.K. Rowling"], 2003, 8.99, Fantasy, 
2026-06-07T15:16:17.848+08:00  INFO 29468 --- [           main] bookstore.sharib.InitAndLoadDatabase     : Authors: [J.K. Rowling]
2026-06-07T15:16:17.849+08:00  INFO 29468 --- [           main] bookstore.sharib.InitAndLoadDatabase     : book.toString(): Books [isbn=9780545010224, title=Harry Potter and the Sorcerer's Stone 4, authors=[J.K. Rowling], yearPublished=2003, price=8.99, genre=Fantasy]
2026-06-07T15:16:17.855+08:00  INFO 29468 --- [           main] bookstore.sharib.InitAndLoadDatabase     : lineString: 9780545010225, Harry Potter and the Sorcerer's Stone 5, ["J.K. Rowling"], 2005, 8.99, Fantasy, 
2026-06-07T15:16:17.856+08:00  INFO 29468 --- [           main] bookstore.sharib.InitAndLoadDatabase     : Authors: [J.K. Rowling]
2026-06-07T15:16:17.856+08:00  INFO 29468 --- [           main] bookstore.sharib.InitAndLoadDatabase     : book.toString(): Books [isbn=9780545010225, title=Harry Potter and the Sorcerer's Stone 5, authors=[J.K. Rowling], yearPublished=2005, price=8.99, genre=Fantasy]
2026-06-07T15:16:17.861+08:00  INFO 29468 --- [           main] bookstore.sharib.InitAndLoadDatabase     : lineString: 9780545010226, Harry Potter and the Sorcerer's Stone 6, ["J.K. Rowling"], 2007, 8.99, Fantasy, 
2026-06-07T15:16:17.862+08:00  INFO 29468 --- [           main] bookstore.sharib.InitAndLoadDatabase     : Authors: [J.K. Rowling]
2026-06-07T15:16:17.862+08:00  INFO 29468 --- [           main] bookstore.sharib.InitAndLoadDatabase     : book.toString(): Books [isbn=9780545010226, title=Harry Potter and the Sorcerer's Stone 6, authors=[J.K. Rowling], yearPublished=2007, price=8.99, genre=Fantasy]
2026-06-07T15:16:17.866+08:00  INFO 29468 --- [           main] bookstore.sharib.InitAndLoadDatabase     : lineString: 9780545010227, Harry Potter and the Sorcerer's Stone 7, ["J.K. Rowling"], 2009, 8.99, Fantasy, 
2026-06-07T15:16:17.866+08:00  INFO 29468 --- [           main] bookstore.sharib.InitAndLoadDatabase     : Authors: [J.K. Rowling]
2026-06-07T15:16:17.867+08:00  INFO 29468 --- [           main] bookstore.sharib.InitAndLoadDatabase     : book.toString(): Books [isbn=9780545010227, title=Harry Potter and the Sorcerer's Stone 7, authors=[J.K. Rowling], yearPublished=2009, price=8.99, genre=Fantasy]
2026-06-07T15:16:17.873+08:00  INFO 29468 --- [           main] bookstore.sharib.InitAndLoadDatabase     : lineString: 9780545010228, Harry Potter and the Sorcerer's Stone 8, ["J.K. Rowling"], 2011, 8.99, Fantasy, 
2026-06-07T15:16:17.874+08:00  INFO 29468 --- [           main] bookstore.sharib.InitAndLoadDatabase     : Authors: [J.K. Rowling]
2026-06-07T15:16:17.874+08:00  INFO 29468 --- [           main] bookstore.sharib.InitAndLoadDatabase     : book.toString(): Books [isbn=9780545010228, title=Harry Potter and the Sorcerer's Stone 8, authors=[J.K. Rowling], yearPublished=2011, price=8.99, genre=Fantasy]
2026-06-07T15:16:17.878+08:00  INFO 29468 --- [           main] bookstore.sharib.InitAndLoadDatabase     : lineString: 9780545010229, Harry Potter and the Sorcerer's Stone 9, ["J.K. Rowling"], 2013, 8.99, Fantasy, 
2026-06-07T15:16:17.878+08:00  INFO 29468 --- [           main] bookstore.sharib.InitAndLoadDatabase     : Authors: [J.K. Rowling]
2026-06-07T15:16:17.879+08:00  INFO 29468 --- [           main] bookstore.sharib.InitAndLoadDatabase     : book.toString(): Books [isbn=9780545010229, title=Harry Potter and the Sorcerer's Stone 9, authors=[J.K. Rowling], yearPublished=2013, price=8.99, genre=Fantasy]
2026-06-07T15:16:17.882+08:00  INFO 29468 --- [           main] bookstore.sharib.InitAndLoadDatabase     : lineString: 9780545010230, Harry Potter and the Sorcerer's Stone 10, ["J.K. Rowling"], 2015, 8.99, Fantasy, 
2026-06-07T15:16:17.882+08:00  INFO 29468 --- [           main] bookstore.sharib.InitAndLoadDatabase     : Authors: [J.K. Rowling]
2026-06-07T15:16:17.883+08:00  INFO 29468 --- [           main] bookstore.sharib.InitAndLoadDatabase     : book.toString(): Books [isbn=9780545010230, title=Harry Potter and the Sorcerer's Stone 10, authors=[J.K. Rowling], yearPublished=2015, price=8.99, genre=Fantasy]
2026-06-07T15:16:17.886+08:00  INFO 29468 --- [           main] bookstore.sharib.InitAndLoadDatabase     : lineString: 9780545010231, Harry Potter and the Sorcerer's Stone 11, ["J.K. Rowling"], 2017, 8.99, Fantasy, 
2026-06-07T15:16:17.887+08:00  INFO 29468 --- [           main] bookstore.sharib.InitAndLoadDatabase     : Authors: [J.K. Rowling]
2026-06-07T15:16:17.887+08:00  INFO 29468 --- [           main] bookstore.sharib.InitAndLoadDatabase     : book.toString(): Books [isbn=9780545010231, title=Harry Potter and the Sorcerer's Stone 11, authors=[J.K. Rowling], yearPublished=2017, price=8.99, genre=Fantasy]
2026-06-07T15:16:17.892+08:00  INFO 29468 --- [           main] bookstore.sharib.InitAndLoadDatabase     : lineString: 9780545010232, Harry Potter and the Sorcerer's Stone 12, ["J.K. Rowling"], 2019, 8.99, Fantasy, 
2026-06-07T15:16:17.892+08:00  INFO 29468 --- [           main] bookstore.sharib.InitAndLoadDatabase     : Authors: [J.K. Rowling]
2026-06-07T15:16:17.892+08:00  INFO 29468 --- [           main] bookstore.sharib.InitAndLoadDatabase     : book.toString(): Books [isbn=9780545010232, title=Harry Potter and the Sorcerer's Stone 12, authors=[J.K. Rowling], yearPublished=2019, price=8.99, genre=Fantasy]
2026-06-07T15:16:17.897+08:00  INFO 29468 --- [           main] bookstore.sharib.InitAndLoadDatabase     : lineString: 9780545010233, Harry Potter and the Sorcerer's Stone 13, ["J.K. Rowling"], 2021, 8.99, Fantasy, 
2026-06-07T15:16:17.898+08:00  INFO 29468 --- [           main] bookstore.sharib.InitAndLoadDatabase     : Authors: [J.K. Rowling]
2026-06-07T15:16:17.898+08:00  INFO 29468 --- [           main] bookstore.sharib.InitAndLoadDatabase     : book.toString(): Books [isbn=9780545010233, title=Harry Potter and the Sorcerer's Stone 13, authors=[J.K. Rowling], yearPublished=2021, price=8.99, genre=Fantasy]
2026-06-07T15:16:17.902+08:00  INFO 29468 --- [           main] bookstore.sharib.InitAndLoadDatabase     : lineString: 9780545010234, Harry Potter and the Sorcerer's Stone 14, ["J.K. Rowling"], 2023, 8.99, Fantasy, 
2026-06-07T15:16:17.903+08:00  INFO 29468 --- [           main] bookstore.sharib.InitAndLoadDatabase     : Authors: [J.K. Rowling]
2026-06-07T15:16:17.903+08:00  INFO 29468 --- [           main] bookstore.sharib.InitAndLoadDatabase     : book.toString(): Books [isbn=9780545010234, title=Harry Potter and the Sorcerer's Stone 14, authors=[J.K. Rowling], yearPublished=2023, price=8.99, genre=Fantasy]
2026-06-07T15:16:17.907+08:00  INFO 29468 --- [           main] bookstore.sharib.InitAndLoadDatabase     : lineString: 9780545010235, Harry Potter and the Sorcerer's Stone 15, ["J.K. Rowling"], 2025, 8.99, Fantasy, 
2026-06-07T15:16:17.908+08:00  INFO 29468 --- [           main] bookstore.sharib.InitAndLoadDatabase     : Authors: [J.K. Rowling]
2026-06-07T15:16:17.908+08:00  INFO 29468 --- [           main] bookstore.sharib.InitAndLoadDatabase     : book.toString(): Books [isbn=9780545010235, title=Harry Potter and the Sorcerer's Stone 15, authors=[J.K. Rowling], yearPublished=2025, price=8.99, genre=Fantasy]
2026-06-07T15:16:17.911+08:00  INFO 29468 --- [           main] bookstore.sharib.InitAndLoadDatabase     : lineString: 9780545010236, Harry Potter and the Sorcerer's Stone 16, ["J.K. Rowling"], 1949, 8.99, Fantasy, 
2026-06-07T15:16:17.912+08:00  INFO 29468 --- [           main] bookstore.sharib.InitAndLoadDatabase     : Authors: [J.K. Rowling]
2026-06-07T15:16:17.912+08:00  INFO 29468 --- [           main] bookstore.sharib.InitAndLoadDatabase     : book.toString(): Books [isbn=9780545010236, title=Harry Potter and the Sorcerer's Stone 16, authors=[J.K. Rowling], yearPublished=1949, price=8.99, genre=Fantasy]
2026-06-07T15:16:17.915+08:00  INFO 29468 --- [           main] bookstore.sharib.InitAndLoadDatabase     : lineString: 9780545010237, Harry Potter and the Sorcerer's Stone 17, ["J.K. Rowling"], 1950, 8.99, Fantasy, 
2026-06-07T15:16:17.915+08:00  INFO 29468 --- [           main] bookstore.sharib.InitAndLoadDatabase     : Authors: [J.K. Rowling]
2026-06-07T15:16:17.915+08:00  INFO 29468 --- [           main] bookstore.sharib.InitAndLoadDatabase     : book.toString(): Books [isbn=9780545010237, title=Harry Potter and the Sorcerer's Stone 17, authors=[J.K. Rowling], yearPublished=1950, price=8.99, genre=Fantasy]
2026-06-07T15:16:17.919+08:00  INFO 29468 --- [           main] bookstore.sharib.InitAndLoadDatabase     : lineString: 9780545010238, Harry Potter and the Sorcerer's Stone 18, ["J.K. Rowling"], 1951, 8.99, Fantasy, 
2026-06-07T15:16:17.919+08:00  INFO 29468 --- [           main] bookstore.sharib.InitAndLoadDatabase     : Authors: [J.K. Rowling]
2026-06-07T15:16:17.920+08:00  INFO 29468 --- [           main] bookstore.sharib.InitAndLoadDatabase     : book.toString(): Books [isbn=9780545010238, title=Harry Potter and the Sorcerer's Stone 18, authors=[J.K. Rowling], yearPublished=1951, price=8.99, genre=Fantasy]
2026-06-07T15:16:17.923+08:00  INFO 29468 --- [           main] bookstore.sharib.InitAndLoadDatabase     : lineString: 9780545010239, Harry Potter and the Sorcerer's Stone 19, ["J.K. Rowling"], 1952, 8.99, Fantasy, 
2026-06-07T15:16:17.923+08:00  INFO 29468 --- [           main] bookstore.sharib.InitAndLoadDatabase     : Authors: [J.K. Rowling]
2026-06-07T15:16:17.923+08:00  INFO 29468 --- [           main] bookstore.sharib.InitAndLoadDatabase     : book.toString(): Books [isbn=9780545010239, title=Harry Potter and the Sorcerer's Stone 19, authors=[J.K. Rowling], yearPublished=1952, price=8.99, genre=Fantasy]
2026-06-07T15:16:17.926+08:00  INFO 29468 --- [           main] bookstore.sharib.InitAndLoadDatabase     : lineString: 9780545010240, Harry Potter and the Sorcerer's Stone 20, ["J.K. Rowling"], 1953, 8.99, Fantasy, 
2026-06-07T15:16:17.927+08:00  INFO 29468 --- [           main] bookstore.sharib.InitAndLoadDatabase     : Authors: [J.K. Rowling]
2026-06-07T15:16:17.927+08:00  INFO 29468 --- [           main] bookstore.sharib.InitAndLoadDatabase     : book.toString(): Books [isbn=9780545010240, title=Harry Potter and the Sorcerer's Stone 20, authors=[J.K. Rowling], yearPublished=1953, price=8.99, genre=Fantasy]
2026-06-07T15:16:17.932+08:00  INFO 29468 --- [           main] bookstore.sharib.InitAndLoadDatabase     : lineString: 9780545010241, Harry Potter and the Sorcerer's Stone 21, ["J.K. Rowling"], 1954, 8.99, Fantasy, 
2026-06-07T15:16:17.933+08:00  INFO 29468 --- [           main] bookstore.sharib.InitAndLoadDatabase     : Authors: [J.K. Rowling]
2026-06-07T15:16:17.933+08:00  INFO 29468 --- [           main] bookstore.sharib.InitAndLoadDatabase     : book.toString(): Books [isbn=9780545010241, title=Harry Potter and the Sorcerer's Stone 21, authors=[J.K. Rowling], yearPublished=1954, price=8.99, genre=Fantasy]
2026-06-07T15:16:17.936+08:00  INFO 29468 --- [           main] bookstore.sharib.InitAndLoadDatabase     : lineString: 9780545010242, Harry Potter and the Sorcerer's Stone 22, ["J.K. Rowling"], 1955, 8.99, Fantasy, 
2026-06-07T15:16:17.937+08:00  INFO 29468 --- [           main] bookstore.sharib.InitAndLoadDatabase     : Authors: [J.K. Rowling]
2026-06-07T15:16:17.937+08:00  INFO 29468 --- [           main] bookstore.sharib.InitAndLoadDatabase     : book.toString(): Books [isbn=9780545010242, title=Harry Potter and the Sorcerer's Stone 22, authors=[J.K. Rowling], yearPublished=1955, price=8.99, genre=Fantasy]
2026-06-07T15:16:17.940+08:00  INFO 29468 --- [           main] bookstore.sharib.InitAndLoadDatabase     : lineString: 9780545010243, Harry Potter and the Sorcerer's Stone 23, ["J.K. Rowling"], 1956, 8.99, Fantasy, 
2026-06-07T15:16:17.940+08:00  INFO 29468 --- [           main] bookstore.sharib.InitAndLoadDatabase     : Authors: [J.K. Rowling]
2026-06-07T15:16:17.940+08:00  INFO 29468 --- [           main] bookstore.sharib.InitAndLoadDatabase     : book.toString(): Books [isbn=9780545010243, title=Harry Potter and the Sorcerer's Stone 23, authors=[J.K. Rowling], yearPublished=1956, price=8.99, genre=Fantasy]
2026-06-07T15:16:17.943+08:00  INFO 29468 --- [           main] bookstore.sharib.InitAndLoadDatabase     : lineString: 9780545010244, Harry Potter and the Sorcerer's Stone 24, ["J.K. Rowling"], 1957, 8.99, Fantasy, 
2026-06-07T15:16:17.944+08:00  INFO 29468 --- [           main] bookstore.sharib.InitAndLoadDatabase     : Authors: [J.K. Rowling]
2026-06-07T15:16:17.944+08:00  INFO 29468 --- [           main] bookstore.sharib.InitAndLoadDatabase     : book.toString(): Books [isbn=9780545010244, title=Harry Potter and the Sorcerer's Stone 24, authors=[J.K. Rowling], yearPublished=1957, price=8.99, genre=Fantasy]
2026-06-07T15:16:17.947+08:00  INFO 29468 --- [           main] bookstore.sharib.InitAndLoadDatabase     : lineString: 9780545010245, Harry Potter and the Sorcerer's Stone 25, ["J.K. Rowling"], 1958, 8.99, Fantasy, 
2026-06-07T15:16:17.948+08:00  INFO 29468 --- [           main] bookstore.sharib.InitAndLoadDatabase     : Authors: [J.K. Rowling]
2026-06-07T15:16:17.948+08:00  INFO 29468 --- [           main] bookstore.sharib.InitAndLoadDatabase     : book.toString(): Books [isbn=9780545010245, title=Harry Potter and the Sorcerer's Stone 25, authors=[J.K. Rowling], yearPublished=1958, price=8.99, genre=Fantasy]
2026-06-07T15:16:17.952+08:00  INFO 29468 --- [           main] bookstore.sharib.InitAndLoadDatabase     : lineString: 9780545010246, Harry Potter and the Sorcerer's Stone 26, ["J.K. Rowling"], 1959, 8.99, Fantasy, 
2026-06-07T15:16:17.953+08:00  INFO 29468 --- [           main] bookstore.sharib.InitAndLoadDatabase     : Authors: [J.K. Rowling]
2026-06-07T15:16:17.953+08:00  INFO 29468 --- [           main] bookstore.sharib.InitAndLoadDatabase     : book.toString(): Books [isbn=9780545010246, title=Harry Potter and the Sorcerer's Stone 26, authors=[J.K. Rowling], yearPublished=1959, price=8.99, genre=Fantasy]
2026-06-07T15:16:17.958+08:00  INFO 29468 --- [           main] bookstore.sharib.InitAndLoadDatabase     : lineString: 9780545010247, Harry Potter and the Sorcerer's Stone 27, ["J.K. Rowling"], 1960, 8.99, Fantasy, 
2026-06-07T15:16:17.959+08:00  INFO 29468 --- [           main] bookstore.sharib.InitAndLoadDatabase     : Authors: [J.K. Rowling]
2026-06-07T15:16:17.959+08:00  INFO 29468 --- [           main] bookstore.sharib.InitAndLoadDatabase     : book.toString(): Books [isbn=9780545010247, title=Harry Potter and the Sorcerer's Stone 27, authors=[J.K. Rowling], yearPublished=1960, price=8.99, genre=Fantasy]
2026-06-07T15:16:17.963+08:00  INFO 29468 --- [           main] bookstore.sharib.InitAndLoadDatabase     : lineString: 9780545010248, Harry Potter and the Sorcerer's Stone 28, ["J.K. Rowling"], 1961, 8.99, Fantasy, 
2026-06-07T15:16:17.964+08:00  INFO 29468 --- [           main] bookstore.sharib.InitAndLoadDatabase     : Authors: [J.K. Rowling]
2026-06-07T15:16:17.964+08:00  INFO 29468 --- [           main] bookstore.sharib.InitAndLoadDatabase     : book.toString(): Books [isbn=9780545010248, title=Harry Potter and the Sorcerer's Stone 28, authors=[J.K. Rowling], yearPublished=1961, price=8.99, genre=Fantasy]
2026-06-07T15:16:17.968+08:00  INFO 29468 --- [           main] bookstore.sharib.InitAndLoadDatabase     : lineString: 9780545010249, Harry Potter and the Sorcerer's Stone 29, ["J.K. Rowling"], 1962, 8.99, Fantasy, 
2026-06-07T15:16:17.968+08:00  INFO 29468 --- [           main] bookstore.sharib.InitAndLoadDatabase     : Authors: [J.K. Rowling]
2026-06-07T15:16:17.969+08:00  INFO 29468 --- [           main] bookstore.sharib.InitAndLoadDatabase     : book.toString(): Books [isbn=9780545010249, title=Harry Potter and the Sorcerer's Stone 29, authors=[J.K. Rowling], yearPublished=1962, price=8.99, genre=Fantasy]
2026-06-07T15:16:17.972+08:00  INFO 29468 --- [           main] bookstore.sharib.InitAndLoadDatabase     : lineString: 9780545010250, Harry Potter and the Sorcerer's Stone 30, ["J.K. Rowling"], 1963, 8.99, Fantasy, 
2026-06-07T15:16:17.973+08:00  INFO 29468 --- [           main] bookstore.sharib.InitAndLoadDatabase     : Authors: [J.K. Rowling]
2026-06-07T15:16:17.973+08:00  INFO 29468 --- [           main] bookstore.sharib.InitAndLoadDatabase     : book.toString(): Books [isbn=9780545010250, title=Harry Potter and the Sorcerer's Stone 30, authors=[J.K. Rowling], yearPublished=1963, price=8.99, genre=Fantasy]
2026-06-07T15:16:17.976+08:00  INFO 29468 --- [           main] bookstore.sharib.InitAndLoadDatabase     : lineString: 9780545010251, Harry Potter and the Sorcerer's Stone 31, ["J.K. Rowling"], 1964, 8.99, Fantasy, 
2026-06-07T15:16:17.977+08:00  INFO 29468 --- [           main] bookstore.sharib.InitAndLoadDatabase     : Authors: [J.K. Rowling]
2026-06-07T15:16:17.977+08:00  INFO 29468 --- [           main] bookstore.sharib.InitAndLoadDatabase     : book.toString(): Books [isbn=9780545010251, title=Harry Potter and the Sorcerer's Stone 31, authors=[J.K. Rowling], yearPublished=1964, price=8.99, genre=Fantasy]
2026-06-07T15:16:17.980+08:00  INFO 29468 --- [           main] bookstore.sharib.InitAndLoadDatabase     : lineString: 9780545010252, Harry Potter and the Sorcerer's Stone 32, ["J.K. Rowling"], 1965, 8.99, Fantasy, 
2026-06-07T15:16:17.981+08:00  INFO 29468 --- [           main] bookstore.sharib.InitAndLoadDatabase     : Authors: [J.K. Rowling]
2026-06-07T15:16:17.981+08:00  INFO 29468 --- [           main] bookstore.sharib.InitAndLoadDatabase     : book.toString(): Books [isbn=9780545010252, title=Harry Potter and the Sorcerer's Stone 32, authors=[J.K. Rowling], yearPublished=1965, price=8.99, genre=Fantasy]
2026-06-07T15:16:17.984+08:00  INFO 29468 --- [           main] bookstore.sharib.InitAndLoadDatabase     : lineString: 9780545010253, Harry Potter and the Sorcerer's Stone 33, ["J.K. Rowling"], 1966, 8.99, Fantasy, 
2026-06-07T15:16:17.985+08:00  INFO 29468 --- [           main] bookstore.sharib.InitAndLoadDatabase     : Authors: [J.K. Rowling]
2026-06-07T15:16:17.985+08:00  INFO 29468 --- [           main] bookstore.sharib.InitAndLoadDatabase     : book.toString(): Books [isbn=9780545010253, title=Harry Potter and the Sorcerer's Stone 33, authors=[J.K. Rowling], yearPublished=1966, price=8.99, genre=Fantasy]
2026-06-07T15:16:17.988+08:00  INFO 29468 --- [           main] bookstore.sharib.InitAndLoadDatabase     : lineString: 9780545010254, Harry Potter and the Sorcerer's Stone 34, ["J.K. Rowling"], 1967, 8.99, Fantasy, 
2026-06-07T15:16:17.988+08:00  INFO 29468 --- [           main] bookstore.sharib.InitAndLoadDatabase     : Authors: [J.K. Rowling]
2026-06-07T15:16:17.988+08:00  INFO 29468 --- [           main] bookstore.sharib.InitAndLoadDatabase     : book.toString(): Books [isbn=9780545010254, title=Harry Potter and the Sorcerer's Stone 34, authors=[J.K. Rowling], yearPublished=1967, price=8.99, genre=Fantasy]
2026-06-07T15:16:17.991+08:00  INFO 29468 --- [           main] bookstore.sharib.InitAndLoadDatabase     : lineString: 9780545010255, Harry Potter and the Sorcerer's Stone 35, ["J.K. Rowling"], 1968, 8.99, Fantasy, 
2026-06-07T15:16:17.992+08:00  INFO 29468 --- [           main] bookstore.sharib.InitAndLoadDatabase     : Authors: [J.K. Rowling]
2026-06-07T15:16:17.992+08:00  INFO 29468 --- [           main] bookstore.sharib.InitAndLoadDatabase     : book.toString(): Books [isbn=9780545010255, title=Harry Potter and the Sorcerer's Stone 35, authors=[J.K. Rowling], yearPublished=1968, price=8.99, genre=Fantasy]
2026-06-07T15:16:17.995+08:00  INFO 29468 --- [           main] bookstore.sharib.InitAndLoadDatabase     : lineString: 9780545010256, Harry Potter and the Sorcerer's Stone 36, ["J.K. Rowling"], 1969, 8.99, Fantasy, 
2026-06-07T15:16:17.995+08:00  INFO 29468 --- [           main] bookstore.sharib.InitAndLoadDatabase     : Authors: [J.K. Rowling]
2026-06-07T15:16:17.995+08:00  INFO 29468 --- [           main] bookstore.sharib.InitAndLoadDatabase     : book.toString(): Books [isbn=9780545010256, title=Harry Potter and the Sorcerer's Stone 36, authors=[J.K. Rowling], yearPublished=1969, price=8.99, genre=Fantasy]
2026-06-07T15:16:17.998+08:00  INFO 29468 --- [           main] bookstore.sharib.InitAndLoadDatabase     : lineString: 9780545010257, Harry Potter and the Sorcerer's Stone 37, ["J.K. Rowling"], 1970, 8.99, Fantasy, 
2026-06-07T15:16:17.998+08:00  INFO 29468 --- [           main] bookstore.sharib.InitAndLoadDatabase     : Authors: [J.K. Rowling]
2026-06-07T15:16:17.998+08:00  INFO 29468 --- [           main] bookstore.sharib.InitAndLoadDatabase     : book.toString(): Books [isbn=9780545010257, title=Harry Potter and the Sorcerer's Stone 37, authors=[J.K. Rowling], yearPublished=1970, price=8.99, genre=Fantasy]
2026-06-07T15:16:18.001+08:00  INFO 29468 --- [           main] bookstore.sharib.InitAndLoadDatabase     : lineString: 9780545010258, Harry Potter and the Sorcerer's Stone 38, ["J.K. Rowling"], 1971, 8.99, Fantasy, 
2026-06-07T15:16:18.001+08:00  INFO 29468 --- [           main] bookstore.sharib.InitAndLoadDatabase     : Authors: [J.K. Rowling]
2026-06-07T15:16:18.002+08:00  INFO 29468 --- [           main] bookstore.sharib.InitAndLoadDatabase     : book.toString(): Books [isbn=9780545010258, title=Harry Potter and the Sorcerer's Stone 38, authors=[J.K. Rowling], yearPublished=1971, price=8.99, genre=Fantasy]
2026-06-07T15:16:18.005+08:00  INFO 29468 --- [           main] bookstore.sharib.InitAndLoadDatabase     : lineString: 9780545010259, Harry Potter and the Sorcerer's Stone 39, ["J.K. Rowling"], 1972, 8.99, Fantasy, 
2026-06-07T15:16:18.005+08:00  INFO 29468 --- [           main] bookstore.sharib.InitAndLoadDatabase     : Authors: [J.K. Rowling]
2026-06-07T15:16:18.005+08:00  INFO 29468 --- [           main] bookstore.sharib.InitAndLoadDatabase     : book.toString(): Books [isbn=9780545010259, title=Harry Potter and the Sorcerer's Stone 39, authors=[J.K. Rowling], yearPublished=1972, price=8.99, genre=Fantasy]
2026-06-07T15:16:18.008+08:00  INFO 29468 --- [           main] bookstore.sharib.InitAndLoadDatabase     : lineString: 9780545010260, Harry Potter and the Sorcerer's Stone 40, ["J.K. Rowling"], 1973, 8.99, Fantasy, 
2026-06-07T15:16:18.009+08:00  INFO 29468 --- [           main] bookstore.sharib.InitAndLoadDatabase     : Authors: [J.K. Rowling]
2026-06-07T15:16:18.009+08:00  INFO 29468 --- [           main] bookstore.sharib.InitAndLoadDatabase     : book.toString(): Books [isbn=9780545010260, title=Harry Potter and the Sorcerer's Stone 40, authors=[J.K. Rowling], yearPublished=1973, price=8.99, genre=Fantasy]
2026-06-07T15:16:18.012+08:00  INFO 29468 --- [           main] bookstore.sharib.InitAndLoadDatabase     : lineString: 9780545010261, Harry Potter and the Sorcerer's Stone 41, ["J.K. Rowling"], 1974, 8.99, Fantasy, 
2026-06-07T15:16:18.012+08:00  INFO 29468 --- [           main] bookstore.sharib.InitAndLoadDatabase     : Authors: [J.K. Rowling]
2026-06-07T15:16:18.013+08:00  INFO 29468 --- [           main] bookstore.sharib.InitAndLoadDatabase     : book.toString(): Books [isbn=9780545010261, title=Harry Potter and the Sorcerer's Stone 41, authors=[J.K. Rowling], yearPublished=1974, price=8.99, genre=Fantasy]
2026-06-07T15:16:18.017+08:00  INFO 29468 --- [           main] bookstore.sharib.InitAndLoadDatabase     : lineString: 9780545010262, Harry Potter and the Sorcerer's Stone 42, ["J.K. Rowling"], 1975, 8.99, Fantasy, 
2026-06-07T15:16:18.017+08:00  INFO 29468 --- [           main] bookstore.sharib.InitAndLoadDatabase     : Authors: [J.K. Rowling]
2026-06-07T15:16:18.018+08:00  INFO 29468 --- [           main] bookstore.sharib.InitAndLoadDatabase     : book.toString(): Books [isbn=9780545010262, title=Harry Potter and the Sorcerer's Stone 42, authors=[J.K. Rowling], yearPublished=1975, price=8.99, genre=Fantasy]
2026-06-07T15:16:18.021+08:00  INFO 29468 --- [           main] bookstore.sharib.InitAndLoadDatabase     : lineString: 9780545010263, Harry Potter and the Sorcerer's Stone 43, ["J.K. Rowling"], 1976, 8.99, Fantasy, 
2026-06-07T15:16:18.021+08:00  INFO 29468 --- [           main] bookstore.sharib.InitAndLoadDatabase     : Authors: [J.K. Rowling]
2026-06-07T15:16:18.021+08:00  INFO 29468 --- [           main] bookstore.sharib.InitAndLoadDatabase     : book.toString(): Books [isbn=9780545010263, title=Harry Potter and the Sorcerer's Stone 43, authors=[J.K. Rowling], yearPublished=1976, price=8.99, genre=Fantasy]
2026-06-07T15:16:18.024+08:00  INFO 29468 --- [           main] bookstore.sharib.InitAndLoadDatabase     : lineString: 9780545010264, Harry Potter and the Sorcerer's Stone 44, ["J.K. Rowling"], 1977, 8.99, Fantasy, 
2026-06-07T15:16:18.024+08:00  INFO 29468 --- [           main] bookstore.sharib.InitAndLoadDatabase     : Authors: [J.K. Rowling]
2026-06-07T15:16:18.025+08:00  INFO 29468 --- [           main] bookstore.sharib.InitAndLoadDatabase     : book.toString(): Books [isbn=9780545010264, title=Harry Potter and the Sorcerer's Stone 44, authors=[J.K. Rowling], yearPublished=1977, price=8.99, genre=Fantasy]
2026-06-07T15:16:18.028+08:00  INFO 29468 --- [           main] bookstore.sharib.InitAndLoadDatabase     : lineString: 9780545010265, Harry Potter and the Sorcerer's Stone 45, ["J.K. Rowling"], 1978, 8.99, Fantasy, 
2026-06-07T15:16:18.028+08:00  INFO 29468 --- [           main] bookstore.sharib.InitAndLoadDatabase     : Authors: [J.K. Rowling]
2026-06-07T15:16:18.028+08:00  INFO 29468 --- [           main] bookstore.sharib.InitAndLoadDatabase     : book.toString(): Books [isbn=9780545010265, title=Harry Potter and the Sorcerer's Stone 45, authors=[J.K. Rowling], yearPublished=1978, price=8.99, genre=Fantasy]
2026-06-07T15:16:18.031+08:00  INFO 29468 --- [           main] bookstore.sharib.InitAndLoadDatabase     : lineString: 9780545010266, Harry Potter and the Sorcerer's Stone 46, ["J.K. Rowling"], 1979, 8.99, Fantasy, 
2026-06-07T15:16:18.032+08:00  INFO 29468 --- [           main] bookstore.sharib.InitAndLoadDatabase     : Authors: [J.K. Rowling]
2026-06-07T15:16:18.032+08:00  INFO 29468 --- [           main] bookstore.sharib.InitAndLoadDatabase     : book.toString(): Books [isbn=9780545010266, title=Harry Potter and the Sorcerer's Stone 46, authors=[J.K. Rowling], yearPublished=1979, price=8.99, genre=Fantasy]
2026-06-07T15:16:18.035+08:00  INFO 29468 --- [           main] bookstore.sharib.InitAndLoadDatabase     : lineString: 9780545010267, Harry Potter and the Sorcerer's Stone 47, ["J.K. Rowling"], 1980, 8.99, Fantasy, 
2026-06-07T15:16:18.035+08:00  INFO 29468 --- [           main] bookstore.sharib.InitAndLoadDatabase     : Authors: [J.K. Rowling]
2026-06-07T15:16:18.035+08:00  INFO 29468 --- [           main] bookstore.sharib.InitAndLoadDatabase     : book.toString(): Books [isbn=9780545010267, title=Harry Potter and the Sorcerer's Stone 47, authors=[J.K. Rowling], yearPublished=1980, price=8.99, genre=Fantasy]
2026-06-07T15:16:18.040+08:00  INFO 29468 --- [           main] bookstore.sharib.InitAndLoadDatabase     : lineString: 9780545010268, Harry Potter and the Sorcerer's Stone 48, ["J.K. Rowling"], 1981, 8.99, Fantasy, 
2026-06-07T15:16:18.041+08:00  INFO 29468 --- [           main] bookstore.sharib.InitAndLoadDatabase     : Authors: [J.K. Rowling]
2026-06-07T15:16:18.041+08:00  INFO 29468 --- [           main] bookstore.sharib.InitAndLoadDatabase     : book.toString(): Books [isbn=9780545010268, title=Harry Potter and the Sorcerer's Stone 48, authors=[J.K. Rowling], yearPublished=1981, price=8.99, genre=Fantasy]
2026-06-07T15:16:18.044+08:00  INFO 29468 --- [           main] bookstore.sharib.InitAndLoadDatabase     : lineString: 9780545010269, Harry Potter and the Sorcerer's Stone 49, ["J.K. Rowling"], 1982, 8.99, Fantasy, 
2026-06-07T15:16:18.045+08:00  INFO 29468 --- [           main] bookstore.sharib.InitAndLoadDatabase     : Authors: [J.K. Rowling]
2026-06-07T15:16:18.045+08:00  INFO 29468 --- [           main] bookstore.sharib.InitAndLoadDatabase     : book.toString(): Books [isbn=9780545010269, title=Harry Potter and the Sorcerer's Stone 49, authors=[J.K. Rowling], yearPublished=1982, price=8.99, genre=Fantasy]
2026-06-07T15:16:18.048+08:00  INFO 29468 --- [           main] bookstore.sharib.InitAndLoadDatabase     : lineString: 9780545010270, Harry Potter and the Sorcerer's Stone 50, ["J.K. Rowling"], 1983, 8.99, Fantasy, 
2026-06-07T15:16:18.048+08:00  INFO 29468 --- [           main] bookstore.sharib.InitAndLoadDatabase     : Authors: [J.K. Rowling]
2026-06-07T15:16:18.048+08:00  INFO 29468 --- [           main] bookstore.sharib.InitAndLoadDatabase     : book.toString(): Books [isbn=9780545010270, title=Harry Potter and the Sorcerer's Stone 50, authors=[J.K. Rowling], yearPublished=1983, price=8.99, genre=Fantasy]
2026-06-07T15:16:18.051+08:00  INFO 29468 --- [           main] bookstore.sharib.InitAndLoadDatabase     : lineString: 9780545010271, Harry Potter and the Sorcerer's Stone 51, ["J.K. Rowling"], 1984, 8.99, Fantasy, 
2026-06-07T15:16:18.051+08:00  INFO 29468 --- [           main] bookstore.sharib.InitAndLoadDatabase     : Authors: [J.K. Rowling]
2026-06-07T15:16:18.052+08:00  INFO 29468 --- [           main] bookstore.sharib.InitAndLoadDatabase     : book.toString(): Books [isbn=9780545010271, title=Harry Potter and the Sorcerer's Stone 51, authors=[J.K. Rowling], yearPublished=1984, price=8.99, genre=Fantasy]
2026-06-07T15:16:18.054+08:00  INFO 29468 --- [           main] bookstore.sharib.InitAndLoadDatabase     : lineString: 9780545010272, Harry Potter and the Sorcerer's Stone 52, ["J.K. Rowling"], 1985, 8.99, Fantasy, 
2026-06-07T15:16:18.055+08:00  INFO 29468 --- [           main] bookstore.sharib.InitAndLoadDatabase     : Authors: [J.K. Rowling]
2026-06-07T15:16:18.055+08:00  INFO 29468 --- [           main] bookstore.sharib.InitAndLoadDatabase     : book.toString(): Books [isbn=9780545010272, title=Harry Potter and the Sorcerer's Stone 52, authors=[J.K. Rowling], yearPublished=1985, price=8.99, genre=Fantasy]
2026-06-07T15:16:18.058+08:00  INFO 29468 --- [           main] bookstore.sharib.InitAndLoadDatabase     : lineString: 9780545010273, Harry Potter and the Sorcerer's Stone 53, ["J.K. Rowling"], 1986, 8.99, Fantasy, 
2026-06-07T15:16:18.058+08:00  INFO 29468 --- [           main] bookstore.sharib.InitAndLoadDatabase     : Authors: [J.K. Rowling]
2026-06-07T15:16:18.058+08:00  INFO 29468 --- [           main] bookstore.sharib.InitAndLoadDatabase     : book.toString(): Books [isbn=9780545010273, title=Harry Potter and the Sorcerer's Stone 53, authors=[J.K. Rowling], yearPublished=1986, price=8.99, genre=Fantasy]
2026-06-07T15:16:18.062+08:00  INFO 29468 --- [           main] bookstore.sharib.InitAndLoadDatabase     : lineString: 9780545010274, Harry Potter and the Sorcerer's Stone 54, ["J.K. Rowling"], 1987, 8.99, Fantasy, 
2026-06-07T15:16:18.063+08:00  INFO 29468 --- [           main] bookstore.sharib.InitAndLoadDatabase     : Authors: [J.K. Rowling]
2026-06-07T15:16:18.063+08:00  INFO 29468 --- [           main] bookstore.sharib.InitAndLoadDatabase     : book.toString(): Books [isbn=9780545010274, title=Harry Potter and the Sorcerer's Stone 54, authors=[J.K. Rowling], yearPublished=1987, price=8.99, genre=Fantasy]
2026-06-07T15:16:18.068+08:00  INFO 29468 --- [           main] bookstore.sharib.InitAndLoadDatabase     : lineString: 9780545010275, Harry Potter and the Sorcerer's Stone 55, ["J.K. Rowling"], 1988, 8.99, Fantasy, 
2026-06-07T15:16:18.069+08:00  INFO 29468 --- [           main] bookstore.sharib.InitAndLoadDatabase     : Authors: [J.K. Rowling]
2026-06-07T15:16:18.069+08:00  INFO 29468 --- [           main] bookstore.sharib.InitAndLoadDatabase     : book.toString(): Books [isbn=9780545010275, title=Harry Potter and the Sorcerer's Stone 55, authors=[J.K. Rowling], yearPublished=1988, price=8.99, genre=Fantasy]
2026-06-07T15:16:18.074+08:00  INFO 29468 --- [           main] bookstore.sharib.InitAndLoadDatabase     : lineString: 9780545010276, Harry Potter and the Sorcerer's Stone 56, ["J.K. Rowling"], 1989, 8.99, Fantasy, 
2026-06-07T15:16:18.074+08:00  INFO 29468 --- [           main] bookstore.sharib.InitAndLoadDatabase     : Authors: [J.K. Rowling]
2026-06-07T15:16:18.074+08:00  INFO 29468 --- [           main] bookstore.sharib.InitAndLoadDatabase     : book.toString(): Books [isbn=9780545010276, title=Harry Potter and the Sorcerer's Stone 56, authors=[J.K. Rowling], yearPublished=1989, price=8.99, genre=Fantasy]
2026-06-07T15:16:18.078+08:00  INFO 29468 --- [           main] bookstore.sharib.InitAndLoadDatabase     : lineString: 9780545010277, Harry Potter and the Sorcerer's Stone 57, ["J.K. Rowling"], 1990, 8.99, Fantasy, 
2026-06-07T15:16:18.078+08:00  INFO 29468 --- [           main] bookstore.sharib.InitAndLoadDatabase     : Authors: [J.K. Rowling]
2026-06-07T15:16:18.079+08:00  INFO 29468 --- [           main] bookstore.sharib.InitAndLoadDatabase     : book.toString(): Books [isbn=9780545010277, title=Harry Potter and the Sorcerer's Stone 57, authors=[J.K. Rowling], yearPublished=1990, price=8.99, genre=Fantasy]
2026-06-07T15:16:18.082+08:00  INFO 29468 --- [           main] bookstore.sharib.InitAndLoadDatabase     : lineString: 9780545010278, Harry Potter and the Sorcerer's Stone 58, ["J.K. Rowling"], 1991, 8.99, Fantasy, 
2026-06-07T15:16:18.082+08:00  INFO 29468 --- [           main] bookstore.sharib.InitAndLoadDatabase     : Authors: [J.K. Rowling]
2026-06-07T15:16:18.083+08:00  INFO 29468 --- [           main] bookstore.sharib.InitAndLoadDatabase     : book.toString(): Books [isbn=9780545010278, title=Harry Potter and the Sorcerer's Stone 58, authors=[J.K. Rowling], yearPublished=1991, price=8.99, genre=Fantasy]
2026-06-07T15:16:18.086+08:00  INFO 29468 --- [           main] bookstore.sharib.InitAndLoadDatabase     : lineString: 9780545010279, Harry Potter and the Sorcerer's Stone 59, ["J.K. Rowling"], 1992, 8.99, Fantasy, 
2026-06-07T15:16:18.086+08:00  INFO 29468 --- [           main] bookstore.sharib.InitAndLoadDatabase     : Authors: [J.K. Rowling]
2026-06-07T15:16:18.086+08:00  INFO 29468 --- [           main] bookstore.sharib.InitAndLoadDatabase     : book.toString(): Books [isbn=9780545010279, title=Harry Potter and the Sorcerer's Stone 59, authors=[J.K. Rowling], yearPublished=1992, price=8.99, genre=Fantasy]
2026-06-07T15:16:18.090+08:00  INFO 29468 --- [           main] bookstore.sharib.InitAndLoadDatabase     : lineString: 9780545010280, Harry Potter and the Sorcerer's Stone 60, ["J.K. Rowling"], 1993, 8.99, Fantasy, 
2026-06-07T15:16:18.091+08:00  INFO 29468 --- [           main] bookstore.sharib.InitAndLoadDatabase     : Authors: [J.K. Rowling]
2026-06-07T15:16:18.091+08:00  INFO 29468 --- [           main] bookstore.sharib.InitAndLoadDatabase     : book.toString(): Books [isbn=9780545010280, title=Harry Potter and the Sorcerer's Stone 60, authors=[J.K. Rowling], yearPublished=1993, price=8.99, genre=Fantasy]
2026-06-07T15:16:18.095+08:00  INFO 29468 --- [           main] bookstore.sharib.InitAndLoadDatabase     : lineString: 9780545010281, Harry Potter and the Sorcerer's Stone 61, ["J.K. Rowling"], 1994, 8.99, Fantasy, 
2026-06-07T15:16:18.095+08:00  INFO 29468 --- [           main] bookstore.sharib.InitAndLoadDatabase     : Authors: [J.K. Rowling]
2026-06-07T15:16:18.095+08:00  INFO 29468 --- [           main] bookstore.sharib.InitAndLoadDatabase     : book.toString(): Books [isbn=9780545010281, title=Harry Potter and the Sorcerer's Stone 61, authors=[J.K. Rowling], yearPublished=1994, price=8.99, genre=Fantasy]
2026-06-07T15:16:18.098+08:00  INFO 29468 --- [           main] bookstore.sharib.InitAndLoadDatabase     : lineString: 9780545010282, Harry Potter and the Sorcerer's Stone 62, ["J.K. Rowling"], 1995, 8.99, Fantasy, 
2026-06-07T15:16:18.099+08:00  INFO 29468 --- [           main] bookstore.sharib.InitAndLoadDatabase     : Authors: [J.K. Rowling]
2026-06-07T15:16:18.099+08:00  INFO 29468 --- [           main] bookstore.sharib.InitAndLoadDatabase     : book.toString(): Books [isbn=9780545010282, title=Harry Potter and the Sorcerer's Stone 62, authors=[J.K. Rowling], yearPublished=1995, price=8.99, genre=Fantasy]
2026-06-07T15:16:18.106+08:00  INFO 29468 --- [           main] bookstore.sharib.InitAndLoadDatabase     : lineString: 9780545010283, Harry Potter and the Sorcerer's Stone 63, ["J.K. Rowling"], 1996, 8.99, Fantasy, 
2026-06-07T15:16:18.106+08:00  INFO 29468 --- [           main] bookstore.sharib.InitAndLoadDatabase     : Authors: [J.K. Rowling]
2026-06-07T15:16:18.106+08:00  INFO 29468 --- [           main] bookstore.sharib.InitAndLoadDatabase     : book.toString(): Books [isbn=9780545010283, title=Harry Potter and the Sorcerer's Stone 63, authors=[J.K. Rowling], yearPublished=1996, price=8.99, genre=Fantasy]
2026-06-07T15:16:18.109+08:00  INFO 29468 --- [           main] bookstore.sharib.InitAndLoadDatabase     : lineString: 9780545010284, Harry Potter and the Sorcerer's Stone 64, ["J.K. Rowling"], 1997, 8.99, Fantasy, 
2026-06-07T15:16:18.110+08:00  INFO 29468 --- [           main] bookstore.sharib.InitAndLoadDatabase     : Authors: [J.K. Rowling]
2026-06-07T15:16:18.110+08:00  INFO 29468 --- [           main] bookstore.sharib.InitAndLoadDatabase     : book.toString(): Books [isbn=9780545010284, title=Harry Potter and the Sorcerer's Stone 64, authors=[J.K. Rowling], yearPublished=1997, price=8.99, genre=Fantasy]
2026-06-07T15:16:18.113+08:00  INFO 29468 --- [           main] bookstore.sharib.InitAndLoadDatabase     : lineString: 9780545010285, Harry Potter and the Sorcerer's Stone 65, ["J.K. Rowling"], 1998, 8.99, Fantasy, 
2026-06-07T15:16:18.113+08:00  INFO 29468 --- [           main] bookstore.sharib.InitAndLoadDatabase     : Authors: [J.K. Rowling]
2026-06-07T15:16:18.113+08:00  INFO 29468 --- [           main] bookstore.sharib.InitAndLoadDatabase     : book.toString(): Books [isbn=9780545010285, title=Harry Potter and the Sorcerer's Stone 65, authors=[J.K. Rowling], yearPublished=1998, price=8.99, genre=Fantasy]
2026-06-07T15:16:18.117+08:00  INFO 29468 --- [           main] bookstore.sharib.InitAndLoadDatabase     : lineString: 9780545010286, Harry Potter and the Sorcerer's Stone 66, ["J.K. Rowling"], 1999, 8.99, Fantasy, 
2026-06-07T15:16:18.117+08:00  INFO 29468 --- [           main] bookstore.sharib.InitAndLoadDatabase     : Authors: [J.K. Rowling]
2026-06-07T15:16:18.117+08:00  INFO 29468 --- [           main] bookstore.sharib.InitAndLoadDatabase     : book.toString(): Books [isbn=9780545010286, title=Harry Potter and the Sorcerer's Stone 66, authors=[J.K. Rowling], yearPublished=1999, price=8.99, genre=Fantasy]
2026-06-07T15:16:18.121+08:00  INFO 29468 --- [           main] bookstore.sharib.InitAndLoadDatabase     : lineString: 9780545010287, Harry Potter and the Sorcerer's Stone 67, ["J.K. Rowling"], 2000, 8.99, Fantasy, 
2026-06-07T15:16:18.121+08:00  INFO 29468 --- [           main] bookstore.sharib.InitAndLoadDatabase     : Authors: [J.K. Rowling]
2026-06-07T15:16:18.121+08:00  INFO 29468 --- [           main] bookstore.sharib.InitAndLoadDatabase     : book.toString(): Books [isbn=9780545010287, title=Harry Potter and the Sorcerer's Stone 67, authors=[J.K. Rowling], yearPublished=2000, price=8.99, genre=Fantasy]
2026-06-07T15:16:18.125+08:00  INFO 29468 --- [           main] bookstore.sharib.InitAndLoadDatabase     : lineString: 9780545010288, Harry Potter and the Sorcerer's Stone 68, ["J.K. Rowling"], 2001, 8.99, Fantasy, 
2026-06-07T15:16:18.125+08:00  INFO 29468 --- [           main] bookstore.sharib.InitAndLoadDatabase     : Authors: [J.K. Rowling]
2026-06-07T15:16:18.125+08:00  INFO 29468 --- [           main] bookstore.sharib.InitAndLoadDatabase     : book.toString(): Books [isbn=9780545010288, title=Harry Potter and the Sorcerer's Stone 68, authors=[J.K. Rowling], yearPublished=2001, price=8.99, genre=Fantasy]
2026-06-07T15:16:18.128+08:00  INFO 29468 --- [           main] bookstore.sharib.InitAndLoadDatabase     : lineString: 9780545010289, Harry Potter and the Sorcerer's Stone 69, ["J.K. Rowling"], 2002, 8.99, Fantasy, 
2026-06-07T15:16:18.129+08:00  INFO 29468 --- [           main] bookstore.sharib.InitAndLoadDatabase     : Authors: [J.K. Rowling]
2026-06-07T15:16:18.129+08:00  INFO 29468 --- [           main] bookstore.sharib.InitAndLoadDatabase     : book.toString(): Books [isbn=9780545010289, title=Harry Potter and the Sorcerer's Stone 69, authors=[J.K. Rowling], yearPublished=2002, price=8.99, genre=Fantasy]
2026-06-07T15:16:18.132+08:00  INFO 29468 --- [           main] bookstore.sharib.InitAndLoadDatabase     : lineString: 9780545010290, Harry Potter and the Sorcerer's Stone 70, ["J.K. Rowling"], 2003, 8.99, Fantasy, 
2026-06-07T15:16:18.132+08:00  INFO 29468 --- [           main] bookstore.sharib.InitAndLoadDatabase     : Authors: [J.K. Rowling]
2026-06-07T15:16:18.132+08:00  INFO 29468 --- [           main] bookstore.sharib.InitAndLoadDatabase     : book.toString(): Books [isbn=9780545010290, title=Harry Potter and the Sorcerer's Stone 70, authors=[J.K. Rowling], yearPublished=2003, price=8.99, genre=Fantasy]
2026-06-07T15:16:18.135+08:00  INFO 29468 --- [           main] bookstore.sharib.InitAndLoadDatabase     : lineString: 9780545010291, Harry Potter and the Sorcerer's Stone 71, ["J.K. Rowling"], 2004, 8.99, Fantasy, 
2026-06-07T15:16:18.136+08:00  INFO 29468 --- [           main] bookstore.sharib.InitAndLoadDatabase     : Authors: [J.K. Rowling]
2026-06-07T15:16:18.136+08:00  INFO 29468 --- [           main] bookstore.sharib.InitAndLoadDatabase     : book.toString(): Books [isbn=9780545010291, title=Harry Potter and the Sorcerer's Stone 71, authors=[J.K. Rowling], yearPublished=2004, price=8.99, genre=Fantasy]
2026-06-07T15:16:18.140+08:00  INFO 29468 --- [           main] bookstore.sharib.InitAndLoadDatabase     : lineString: 9780545010292, Harry Potter and the Sorcerer's Stone 72, ["J.K. Rowling"], 2005, 8.99, Fantasy, 
2026-06-07T15:16:18.140+08:00  INFO 29468 --- [           main] bookstore.sharib.InitAndLoadDatabase     : Authors: [J.K. Rowling]
2026-06-07T15:16:18.141+08:00  INFO 29468 --- [           main] bookstore.sharib.InitAndLoadDatabase     : book.toString(): Books [isbn=9780545010292, title=Harry Potter and the Sorcerer's Stone 72, authors=[J.K. Rowling], yearPublished=2005, price=8.99, genre=Fantasy]
2026-06-07T15:16:18.143+08:00  INFO 29468 --- [           main] bookstore.sharib.InitAndLoadDatabase     : lineString: 9780545010293, Harry Potter and the Sorcerer's Stone 73, ["J.K. Rowling"], 2006, 8.99, Fantasy, 
2026-06-07T15:16:18.144+08:00  INFO 29468 --- [           main] bookstore.sharib.InitAndLoadDatabase     : Authors: [J.K. Rowling]
2026-06-07T15:16:18.144+08:00  INFO 29468 --- [           main] bookstore.sharib.InitAndLoadDatabase     : book.toString(): Books [isbn=9780545010293, title=Harry Potter and the Sorcerer's Stone 73, authors=[J.K. Rowling], yearPublished=2006, price=8.99, genre=Fantasy]
2026-06-07T15:16:18.148+08:00  INFO 29468 --- [           main] bookstore.sharib.InitAndLoadDatabase     : lineString: 9780545010294, Harry Potter and the Sorcerer's Stone 74, ["J.K. Rowling"], 2007, 8.99, Fantasy, 
2026-06-07T15:16:18.148+08:00  INFO 29468 --- [           main] bookstore.sharib.InitAndLoadDatabase     : Authors: [J.K. Rowling]
2026-06-07T15:16:18.148+08:00  INFO 29468 --- [           main] bookstore.sharib.InitAndLoadDatabase     : book.toString(): Books [isbn=9780545010294, title=Harry Potter and the Sorcerer's Stone 74, authors=[J.K. Rowling], yearPublished=2007, price=8.99, genre=Fantasy]
2026-06-07T15:16:18.151+08:00  INFO 29468 --- [           main] bookstore.sharib.InitAndLoadDatabase     : lineString: 9780545010295, Harry Potter and the Sorcerer's Stone 75, ["J.K. Rowling"], 2008, 8.99, Fantasy, 
2026-06-07T15:16:18.151+08:00  INFO 29468 --- [           main] bookstore.sharib.InitAndLoadDatabase     : Authors: [J.K. Rowling]
2026-06-07T15:16:18.151+08:00  INFO 29468 --- [           main] bookstore.sharib.InitAndLoadDatabase     : book.toString(): Books [isbn=9780545010295, title=Harry Potter and the Sorcerer's Stone 75, authors=[J.K. Rowling], yearPublished=2008, price=8.99, genre=Fantasy]
2026-06-07T15:16:18.154+08:00  INFO 29468 --- [           main] bookstore.sharib.InitAndLoadDatabase     : lineString: 9780545010296, Harry Potter and the Sorcerer's Stone 76, ["J.K. Rowling"], 2009, 8.99, Fantasy, 
2026-06-07T15:16:18.155+08:00  INFO 29468 --- [           main] bookstore.sharib.InitAndLoadDatabase     : Authors: [J.K. Rowling]
2026-06-07T15:16:18.155+08:00  INFO 29468 --- [           main] bookstore.sharib.InitAndLoadDatabase     : book.toString(): Books [isbn=9780545010296, title=Harry Potter and the Sorcerer's Stone 76, authors=[J.K. Rowling], yearPublished=2009, price=8.99, genre=Fantasy]
2026-06-07T15:16:18.158+08:00  INFO 29468 --- [           main] bookstore.sharib.InitAndLoadDatabase     : lineString: 9780545010297, Harry Potter and the Sorcerer's Stone 77, ["J.K. Rowling"], 2010, 8.99, Fantasy, 
2026-06-07T15:16:18.159+08:00  INFO 29468 --- [           main] bookstore.sharib.InitAndLoadDatabase     : Authors: [J.K. Rowling]
2026-06-07T15:16:18.159+08:00  INFO 29468 --- [           main] bookstore.sharib.InitAndLoadDatabase     : book.toString(): Books [isbn=9780545010297, title=Harry Potter and the Sorcerer's Stone 77, authors=[J.K. Rowling], yearPublished=2010, price=8.99, genre=Fantasy]
2026-06-07T15:16:18.162+08:00  INFO 29468 --- [           main] bookstore.sharib.InitAndLoadDatabase     : lineString: 9780545010298, Harry Potter and the Sorcerer's Stone 78, ["J.K. Rowling"], 2011, 8.99, Fantasy, 
2026-06-07T15:16:18.162+08:00  INFO 29468 --- [           main] bookstore.sharib.InitAndLoadDatabase     : Authors: [J.K. Rowling]
2026-06-07T15:16:18.162+08:00  INFO 29468 --- [           main] bookstore.sharib.InitAndLoadDatabase     : book.toString(): Books [isbn=9780545010298, title=Harry Potter and the Sorcerer's Stone 78, authors=[J.K. Rowling], yearPublished=2011, price=8.99, genre=Fantasy]
2026-06-07T15:16:18.165+08:00  INFO 29468 --- [           main] bookstore.sharib.InitAndLoadDatabase     : lineString: 9780545010299, Harry Potter and the Sorcerer's Stone 79, ["J.K. Rowling"], 2012, 8.99, Fantasy, 
2026-06-07T15:16:18.165+08:00  INFO 29468 --- [           main] bookstore.sharib.InitAndLoadDatabase     : Authors: [J.K. Rowling]
2026-06-07T15:16:18.165+08:00  INFO 29468 --- [           main] bookstore.sharib.InitAndLoadDatabase     : book.toString(): Books [isbn=9780545010299, title=Harry Potter and the Sorcerer's Stone 79, authors=[J.K. Rowling], yearPublished=2012, price=8.99, genre=Fantasy]
2026-06-07T15:16:18.168+08:00  INFO 29468 --- [           main] bookstore.sharib.InitAndLoadDatabase     : lineString: 9780545010300, Harry Potter and the Sorcerer's Stone 80, ["J.K. Rowling"], 2013, 8.99, Fantasy, 
2026-06-07T15:16:18.169+08:00  INFO 29468 --- [           main] bookstore.sharib.InitAndLoadDatabase     : Authors: [J.K. Rowling]
2026-06-07T15:16:18.169+08:00  INFO 29468 --- [           main] bookstore.sharib.InitAndLoadDatabase     : book.toString(): Books [isbn=9780545010300, title=Harry Potter and the Sorcerer's Stone 80, authors=[J.K. Rowling], yearPublished=2013, price=8.99, genre=Fantasy]
2026-06-07T15:16:18.173+08:00  INFO 29468 --- [           main] bookstore.sharib.InitAndLoadDatabase     : lineString: 9780545010301, Harry Potter and the Sorcerer's Stone 81, ["J.K. Rowling"], 2014, 8.99, Fantasy, 
2026-06-07T15:16:18.173+08:00  INFO 29468 --- [           main] bookstore.sharib.InitAndLoadDatabase     : Authors: [J.K. Rowling]
2026-06-07T15:16:18.173+08:00  INFO 29468 --- [           main] bookstore.sharib.InitAndLoadDatabase     : book.toString(): Books [isbn=9780545010301, title=Harry Potter and the Sorcerer's Stone 81, authors=[J.K. Rowling], yearPublished=2014, price=8.99, genre=Fantasy]
2026-06-07T15:16:18.176+08:00  INFO 29468 --- [           main] bookstore.sharib.InitAndLoadDatabase     : lineString: 9780545010302, Harry Potter and the Sorcerer's Stone 82, ["J.K. Rowling"], 2015, 8.99, Fantasy, 
2026-06-07T15:16:18.176+08:00  INFO 29468 --- [           main] bookstore.sharib.InitAndLoadDatabase     : Authors: [J.K. Rowling]
2026-06-07T15:16:18.176+08:00  INFO 29468 --- [           main] bookstore.sharib.InitAndLoadDatabase     : book.toString(): Books [isbn=9780545010302, title=Harry Potter and the Sorcerer's Stone 82, authors=[J.K. Rowling], yearPublished=2015, price=8.99, genre=Fantasy]
2026-06-07T15:16:18.179+08:00  INFO 29468 --- [           main] bookstore.sharib.InitAndLoadDatabase     : lineString: 9780545010303, Harry Potter and the Sorcerer's Stone 83, ["J.K. Rowling"], 2016, 8.99, Fantasy, 
2026-06-07T15:16:18.179+08:00  INFO 29468 --- [           main] bookstore.sharib.InitAndLoadDatabase     : Authors: [J.K. Rowling]
2026-06-07T15:16:18.180+08:00  INFO 29468 --- [           main] bookstore.sharib.InitAndLoadDatabase     : book.toString(): Books [isbn=9780545010303, title=Harry Potter and the Sorcerer's Stone 83, authors=[J.K. Rowling], yearPublished=2016, price=8.99, genre=Fantasy]
2026-06-07T15:16:18.182+08:00  INFO 29468 --- [           main] bookstore.sharib.InitAndLoadDatabase     : lineString: 9780545010304, Harry Potter and the Sorcerer's Stone 84, ["J.K. Rowling"], 2017, 8.99, Fantasy, 
2026-06-07T15:16:18.182+08:00  INFO 29468 --- [           main] bookstore.sharib.InitAndLoadDatabase     : Authors: [J.K. Rowling]
2026-06-07T15:16:18.182+08:00  INFO 29468 --- [           main] bookstore.sharib.InitAndLoadDatabase     : book.toString(): Books [isbn=9780545010304, title=Harry Potter and the Sorcerer's Stone 84, authors=[J.K. Rowling], yearPublished=2017, price=8.99, genre=Fantasy]
2026-06-07T15:16:18.185+08:00  INFO 29468 --- [           main] bookstore.sharib.InitAndLoadDatabase     : lineString: 9780545010305, Harry Potter and the Sorcerer's Stone 85, ["J.K. Rowling"], 2018, 8.99, Fantasy, 
2026-06-07T15:16:18.186+08:00  INFO 29468 --- [           main] bookstore.sharib.InitAndLoadDatabase     : Authors: [J.K. Rowling]
2026-06-07T15:16:18.186+08:00  INFO 29468 --- [           main] bookstore.sharib.InitAndLoadDatabase     : book.toString(): Books [isbn=9780545010305, title=Harry Potter and the Sorcerer's Stone 85, authors=[J.K. Rowling], yearPublished=2018, price=8.99, genre=Fantasy]
2026-06-07T15:16:18.189+08:00  INFO 29468 --- [           main] bookstore.sharib.InitAndLoadDatabase     : lineString: 9780545010306, Harry Potter and the Sorcerer's Stone 86, ["J.K. Rowling"], 2019, 8.99, Fantasy, 
2026-06-07T15:16:18.189+08:00  INFO 29468 --- [           main] bookstore.sharib.InitAndLoadDatabase     : Authors: [J.K. Rowling]
2026-06-07T15:16:18.189+08:00  INFO 29468 --- [           main] bookstore.sharib.InitAndLoadDatabase     : book.toString(): Books [isbn=9780545010306, title=Harry Potter and the Sorcerer's Stone 86, authors=[J.K. Rowling], yearPublished=2019, price=8.99, genre=Fantasy]
2026-06-07T15:16:18.192+08:00  INFO 29468 --- [           main] bookstore.sharib.InitAndLoadDatabase     : lineString: 9780545010307, Harry Potter and the Sorcerer's Stone 87, ["J.K. Rowling"], 2020, 8.99, Fantasy, 
2026-06-07T15:16:18.192+08:00  INFO 29468 --- [           main] bookstore.sharib.InitAndLoadDatabase     : Authors: [J.K. Rowling]
2026-06-07T15:16:18.192+08:00  INFO 29468 --- [           main] bookstore.sharib.InitAndLoadDatabase     : book.toString(): Books [isbn=9780545010307, title=Harry Potter and the Sorcerer's Stone 87, authors=[J.K. Rowling], yearPublished=2020, price=8.99, genre=Fantasy]
2026-06-07T15:16:18.194+08:00  INFO 29468 --- [           main] bookstore.sharib.InitAndLoadDatabase     : lineString: 9780545010308, Harry Potter and the Sorcerer's Stone 88, ["J.K. Rowling"], 2021, 8.99, Fantasy, 
2026-06-07T15:16:18.194+08:00  INFO 29468 --- [           main] bookstore.sharib.InitAndLoadDatabase     : Authors: [J.K. Rowling]
2026-06-07T15:16:18.195+08:00  INFO 29468 --- [           main] bookstore.sharib.InitAndLoadDatabase     : book.toString(): Books [isbn=9780545010308, title=Harry Potter and the Sorcerer's Stone 88, authors=[J.K. Rowling], yearPublished=2021, price=8.99, genre=Fantasy]
2026-06-07T15:16:18.197+08:00  INFO 29468 --- [           main] bookstore.sharib.InitAndLoadDatabase     : lineString: 9780545010309, Harry Potter and the Sorcerer's Stone 89, ["J.K. Rowling"], 2022, 8.99, Fantasy, 
2026-06-07T15:16:18.197+08:00  INFO 29468 --- [           main] bookstore.sharib.InitAndLoadDatabase     : Authors: [J.K. Rowling]
2026-06-07T15:16:18.198+08:00  INFO 29468 --- [           main] bookstore.sharib.InitAndLoadDatabase     : book.toString(): Books [isbn=9780545010309, title=Harry Potter and the Sorcerer's Stone 89, authors=[J.K. Rowling], yearPublished=2022, price=8.99, genre=Fantasy]
2026-06-07T15:16:18.200+08:00  INFO 29468 --- [           main] bookstore.sharib.InitAndLoadDatabase     : lineString: 9780545010310, Harry Potter and the Sorcerer's Stone 90, ["J.K. Rowling"], 2023, 8.99, Fantasy, 
2026-06-07T15:16:18.201+08:00  INFO 29468 --- [           main] bookstore.sharib.InitAndLoadDatabase     : Authors: [J.K. Rowling]
2026-06-07T15:16:18.201+08:00  INFO 29468 --- [           main] bookstore.sharib.InitAndLoadDatabase     : book.toString(): Books [isbn=9780545010310, title=Harry Potter and the Sorcerer's Stone 90, authors=[J.K. Rowling], yearPublished=2023, price=8.99, genre=Fantasy]
2026-06-07T15:16:18.204+08:00  INFO 29468 --- [           main] bookstore.sharib.InitAndLoadDatabase     : lineString: 9780545010311, Harry Potter and the Sorcerer's Stone 91, ["J.K. Rowling"], 2024, 8.99, Fantasy, 
2026-06-07T15:16:18.204+08:00  INFO 29468 --- [           main] bookstore.sharib.InitAndLoadDatabase     : Authors: [J.K. Rowling]
2026-06-07T15:16:18.204+08:00  INFO 29468 --- [           main] bookstore.sharib.InitAndLoadDatabase     : book.toString(): Books [isbn=9780545010311, title=Harry Potter and the Sorcerer's Stone 91, authors=[J.K. Rowling], yearPublished=2024, price=8.99, genre=Fantasy]
2026-06-07T15:16:18.207+08:00  INFO 29468 --- [           main] bookstore.sharib.InitAndLoadDatabase     : lineString: 9780545010312, Harry Potter and the Sorcerer's Stone 92, ["J.K. Rowling"], 2025, 8.99, Fantasy, 
2026-06-07T15:16:18.207+08:00  INFO 29468 --- [           main] bookstore.sharib.InitAndLoadDatabase     : Authors: [J.K. Rowling]
2026-06-07T15:16:18.207+08:00  INFO 29468 --- [           main] bookstore.sharib.InitAndLoadDatabase     : book.toString(): Books [isbn=9780545010312, title=Harry Potter and the Sorcerer's Stone 92, authors=[J.K. Rowling], yearPublished=2025, price=8.99, genre=Fantasy]
2026-06-07T15:16:18.210+08:00  INFO 29468 --- [           main] bookstore.sharib.InitAndLoadDatabase     : lineString: 9780545010313, Harry Potter and the Sorcerer's Stone 93, ["J.K. Rowling"], 2026, 8.99, Fantasy, 
2026-06-07T15:16:18.210+08:00  INFO 29468 --- [           main] bookstore.sharib.InitAndLoadDatabase     : Authors: [J.K. Rowling]
2026-06-07T15:16:18.210+08:00  INFO 29468 --- [           main] bookstore.sharib.InitAndLoadDatabase     : book.toString(): Books [isbn=9780545010313, title=Harry Potter and the Sorcerer's Stone 93, authors=[J.K. Rowling], yearPublished=2026, price=8.99, genre=Fantasy]
2026-06-07T15:16:18.213+08:00  INFO 29468 --- [           main] bookstore.sharib.InitAndLoadDatabase     : lineString: 9780545010314, Harry Potter and the Sorcerer's Stone 94, ["J.K. Rowling"], 2027, 8.99, Fantasy, 
2026-06-07T15:16:18.213+08:00  INFO 29468 --- [           main] bookstore.sharib.InitAndLoadDatabase     : Authors: [J.K. Rowling]
2026-06-07T15:16:18.213+08:00  INFO 29468 --- [           main] bookstore.sharib.InitAndLoadDatabase     : book.toString(): Books [isbn=9780545010314, title=Harry Potter and the Sorcerer's Stone 94, authors=[J.K. Rowling], yearPublished=2027, price=8.99, genre=Fantasy]
2026-06-07T15:16:18.216+08:00  INFO 29468 --- [           main] bookstore.sharib.InitAndLoadDatabase     : lineString: 9780545010315, Harry Potter and the Sorcerer's Stone 95, ["J.K. Rowling"], 2028, 8.99, Fantasy, 
2026-06-07T15:16:18.216+08:00  INFO 29468 --- [           main] bookstore.sharib.InitAndLoadDatabase     : Authors: [J.K. Rowling]
2026-06-07T15:16:18.216+08:00  INFO 29468 --- [           main] bookstore.sharib.InitAndLoadDatabase     : book.toString(): Books [isbn=9780545010315, title=Harry Potter and the Sorcerer's Stone 95, authors=[J.K. Rowling], yearPublished=2028, price=8.99, genre=Fantasy]
2026-06-07T15:16:18.219+08:00  INFO 29468 --- [           main] bookstore.sharib.InitAndLoadDatabase     : lineString: 9780545010316, Harry Potter and the Sorcerer's Stone 96, ["J.K. Rowling"], 2029, 8.99, Fantasy, 
2026-06-07T15:16:18.219+08:00  INFO 29468 --- [           main] bookstore.sharib.InitAndLoadDatabase     : Authors: [J.K. Rowling]
2026-06-07T15:16:18.219+08:00  INFO 29468 --- [           main] bookstore.sharib.InitAndLoadDatabase     : book.toString(): Books [isbn=9780545010316, title=Harry Potter and the Sorcerer's Stone 96, authors=[J.K. Rowling], yearPublished=2029, price=8.99, genre=Fantasy]
2026-06-07T15:16:18.222+08:00  INFO 29468 --- [           main] bookstore.sharib.InitAndLoadDatabase     : lineString: 9780545010317, Harry Potter and the Sorcerer's Stone 97, ["J.K. Rowling"], 2030, 8.99, Fantasy, 
2026-06-07T15:16:18.223+08:00  INFO 29468 --- [           main] bookstore.sharib.InitAndLoadDatabase     : Authors: [J.K. Rowling]
2026-06-07T15:16:18.223+08:00  INFO 29468 --- [           main] bookstore.sharib.InitAndLoadDatabase     : book.toString(): Books [isbn=9780545010317, title=Harry Potter and the Sorcerer's Stone 97, authors=[J.K. Rowling], yearPublished=2030, price=8.99, genre=Fantasy]
2026-06-07T15:16:18.226+08:00  INFO 29468 --- [           main] bookstore.sharib.InitAndLoadDatabase     : insertCount: 99
2026-06-07T15:16:18.227+08:00  INFO 29468 --- [           main] bookstore.sharib.InitAndLoadDatabase     : Books Repository initialized and loaded!
2026-06-07T15:16:18.227+08:00  INFO 29468 --- [           main] bookstore.sharib.InitAndLoadDatabase     : Initializing and loading database...
2026-06-07T15:16:18.227+08:00  INFO 29468 --- [           main] bookstore.sharib.InitAndLoadDatabase     : Database initialized and loaded!
2026-06-07T15:16:18.228+08:00  INFO 29468 --- [           main] bookstore.sharib.BookstoreApplication    : Started BookstoreApplication.
2026-06-07T15:16:18.229+08:00  WARN 29468 --- [           main] o.s.core.events.SpringDocAppInitializer  : SpringDoc /v3/api-docs endpoint is enabled by default. To disable it in production, set the property 'springdoc.api-docs.enabled=false'
2026-06-07T15:16:18.229+08:00  WARN 29468 --- [           main] o.s.core.events.SpringDocAppInitializer  : SpringDoc /swagger-ui.html endpoint is enabled by default. To disable it in production, set the property 'springdoc.swagger-ui.enabled=false'
2026-06-07T15:16:18.722+08:00  INFO 29468 --- [           main] bookstore.sharib.ServiceControllerTest   : whenRequestGetFind_thenNotOK()
]]></system-out>
    <system-err><![CDATA[Mockito is currently self-attaching to enable the inline-mock-maker. This will no longer work in future releases of the JDK. Please add Mockito as an agent to your build as described in Mockito's documentation: https://javadoc.io/doc/org.mockito/mockito-core/latest/org.mockito/org/mockito/Mockito.html#0.3
WARNING: A Java agent has been loaded dynamically (C:\Users\Sharib\.m2\repository\net\bytebuddy\byte-buddy-agent\1.17.8\byte-buddy-agent-1.17.8.jar)
WARNING: If a serviceability tool is in use, please run with -XX:+EnableDynamicAgentLoading to hide this warning
WARNING: If a serviceability tool is not in use, please run with -Djdk.instrument.traceUsage for more information
WARNING: Dynamic loading of agents will be disallowed by default in a future release
]]></system-err>
  </testcase>
  <testcase name="whenRequestGetFind_thenOK" classname="bookstore.sharib.ServiceControllerTest" time="2.78">
    <failure message="1 expectation failed.&#10;Expected status code &lt;200&gt; but was &lt;401&gt;.&#10;" type="java.lang.AssertionError"><![CDATA[java.lang.AssertionError: 
1 expectation failed.
Expected status code <200> but was <401>.

	at io.restassured.internal.ResponseSpecificationImpl$HamcrestAssertionClosure.validate(ResponseSpecificationImpl.groovy:516)
	at io.restassured.internal.ResponseSpecificationImpl.validateResponseIfRequired(ResponseSpecificationImpl.groovy:714)
	at io.restassured.internal.ResponseSpecificationImpl.statusCode(ResponseSpecificationImpl.groovy:139)
	at io.restassured.internal.ResponseSpecificationImpl.statusCode(ResponseSpecificationImpl.groovy:147)
	at io.restassured.internal.ValidatableResponseOptionsImpl.statusCode(ValidatableResponseOptionsImpl.java:89)
	at bookstore.sharib.ServiceControllerTest.whenRequestGetFind_thenOK(ServiceControllerTest.java:47)
]]></failure>
    <system-out><![CDATA[2026-06-07T15:16:18.757+08:00  INFO 29468 --- [           main] bookstore.sharib.ServiceControllerTest   : whenRequestGetFind_thenOK()
Request URI:	http://localhost:8080/bookstore/public/find
2026-06-07T15:16:21.004+08:00  INFO 29468 --- [nio-8080-exec-1] o.a.c.c.C.[Tomcat].[localhost].[/]       : Initializing Spring DispatcherServlet 'dispatcherServlet'
2026-06-07T15:16:21.004+08:00  INFO 29468 --- [nio-8080-exec-1] o.s.web.servlet.DispatcherServlet        : Initializing Servlet 'dispatcherServlet'
2026-06-07T15:16:21.006+08:00  INFO 29468 --- [nio-8080-exec-1] o.s.web.servlet.DispatcherServlet        : Completed initialization in 2 ms
]]></system-out>
  </testcase>
  <testcase name="whenRequestAddBook_thenOK" classname="bookstore.sharib.ServiceControllerTest" time="0.412">
    <failure message="1 expectation failed.&#10;Expected status code &lt;200&gt; but was &lt;404&gt;.&#10;" type="java.lang.AssertionError"><![CDATA[java.lang.AssertionError: 
1 expectation failed.
Expected status code <200> but was <404>.

	at io.restassured.internal.ResponseSpecificationImpl$HamcrestAssertionClosure.validate(ResponseSpecificationImpl.groovy:516)
	at io.restassured.internal.ResponseSpecificationImpl.validateResponseIfRequired(ResponseSpecificationImpl.groovy:714)
	at io.restassured.internal.ResponseSpecificationImpl.statusCode(ResponseSpecificationImpl.groovy:139)
	at io.restassured.internal.ResponseSpecificationImpl.statusCode(ResponseSpecificationImpl.groovy:147)
	at io.restassured.internal.ValidatableResponseOptionsImpl.statusCode(ValidatableResponseOptionsImpl.java:89)
	at bookstore.sharib.ServiceControllerTest.whenRequestAddBook_thenOK(ServiceControllerTest.java:76)
]]></failure>
    <system-out><![CDATA[2026-06-07T15:16:21.541+08:00  INFO 29468 --- [           main] bookstore.sharib.ServiceControllerTest   : whenRequestAddBook_thenOK()
2026-06-07T15:16:21.826+08:00  INFO 29468 --- [nio-8080-exec-4] bookstore.sharib.AuthenticationEvents    : User logged in: user
]]></system-out>
  </testcase>
  <testcase name="whenRequestHealth_thenOK" classname="bookstore.sharib.ServiceControllerTest" time="0.243">
    <system-out><![CDATA[2026-06-07T15:16:21.959+08:00  INFO 29468 --- [           main] bookstore.sharib.ServiceControllerTest   : whenRequestHealth_thenOK()
Request URI:	http://localhost:8080/actuator/health
HTTP/1.1 200 
X-Content-Type-Options: nosniff
X-XSS-Protection: 0
Cache-Control: no-cache, no-store, max-age=0, must-revalidate
Pragma: no-cache
Expires: 0
X-Frame-Options: DENY
Content-Type: application/vnd.spring-boot.actuator.v3+json
Transfer-Encoding: chunked
Date: Sun, 07 Jun 2026 07:16:22 GMT
Keep-Alive: timeout=60
Connection: keep-alive

{
    "groups": [
        "liveness",
        "readiness"
    ],
    "status": "UP"
}
]]></system-out>
  </testcase>
</testsuite>