<?xml version="1.0" encoding="UTF-8"?>
<testsuite xmlns:xsi="http://www.w3.org/2001/XMLSchema-instance" xsi:noNamespaceSchemaLocation="https://maven.apache.org/surefire/maven-surefire-plugin/xsd/surefire-test-report.xsd" version="3.0.2" name="db.sharib.ServiceControllerTest" time="9.49" tests="2" errors="0" skipped="0" failures="1" flakes="0">
  <properties>
[...]
</properties>
  <testcase name="whenRequestGet_thenNotOK" classname="db.sharib.ServiceControllerTest" time="0.421">
    <system-out><![CDATA[12:14:39.160 [main] INFO db.sharib.ServiceControllerTest -- Starting tests...

  .   ____          _            __ _ _
 /\\ / ___'_ __ _ _(_)_ __  __ _ \ \ \ \
( ( )\___ | '_ | '_| | '_ \/ _` | \ \ \ \
 \\/  ___)| |_)| | | | | || (_| |  ) ) ) )
  '  |____| .__|_| |_|_| |_\__, | / / / /
 =========|_|==============|___/=/_/_/_/

 :: Spring Boot ::                (v4.0.6)

2026-06-06T12:14:39.692+08:00  WARN 26996 --- [           main] ory$DuplicateJsonObjectContextCustomizer : 

Found multiple occurrences of org.json.JSONObject on the class path:

	jar:file:/C:/Users/Sharib/.m2/repository/com/vaadin/external/google/android-json/0.0.20131108.vaadin1/android-json-0.0.20131108.vaadin1.jar!/org/json/JSONObject.class
	jar:file:/C:/Users/Sharib/.m2/repository/org/json/json/20260522/json-20260522.jar!/org/json/JSONObject.class

You may wish to exclude one of them to ensure predictable runtime behavior

2026-06-06T12:14:39.705+08:00  INFO 26996 --- [           main] db.sharib.ServiceControllerTest          : Starting ServiceControllerTest using Java 24.0.1 with PID 26996 (started by Sharib in C:\git\BookstoreDXC)
2026-06-06T12:14:39.706+08:00  INFO 26996 --- [           main] db.sharib.ServiceControllerTest          : No active profile set, falling back to 1 default profile: "default"
2026-06-06T12:14:40.512+08:00  INFO 26996 --- [           main] .s.d.r.c.RepositoryConfigurationDelegate : Bootstrapping Spring Data JPA repositories in DEFAULT mode.
2026-06-06T12:14:40.558+08:00  INFO 26996 --- [           main] .s.d.r.c.RepositoryConfigurationDelegate : Finished Spring Data repository scanning in 37 ms. Found 2 JPA repository interfaces.
2026-06-06T12:14:41.151+08:00  INFO 26996 --- [           main] o.s.boot.tomcat.TomcatWebServer          : Tomcat initialized with port 8080 (http)
2026-06-06T12:14:41.170+08:00  INFO 26996 --- [           main] o.apache.catalina.core.StandardService   : Starting service [Tomcat]
2026-06-06T12:14:41.170+08:00  INFO 26996 --- [           main] o.apache.catalina.core.StandardEngine    : Starting Servlet engine: [Apache Tomcat/11.0.21]
2026-06-06T12:14:41.210+08:00  INFO 26996 --- [           main] b.w.c.s.WebApplicationContextInitializer : Root WebApplicationContext: initialization completed in 1472 ms
2026-06-06T12:14:41.392+08:00  INFO 26996 --- [           main] org.hibernate.orm.jpa                    : HHH008540: Processing PersistenceUnitInfo [name: default]
2026-06-06T12:14:41.442+08:00  INFO 26996 --- [           main] org.hibernate.orm.core                   : HHH000001: Hibernate ORM core version 7.3.6.Final
2026-06-06T12:14:41.750+08:00  INFO 26996 --- [           main] o.s.o.j.p.SpringPersistenceUnitInfo      : No LoadTimeWeaver setup: ignoring JPA class transformer
2026-06-06T12:14:41.770+08:00  INFO 26996 --- [           main] com.zaxxer.hikari.HikariDataSource       : HikariPool-1 - Starting...
2026-06-06T12:14:41.899+08:00  INFO 26996 --- [           main] com.zaxxer.hikari.pool.HikariPool        : HikariPool-1 - Added connection conn0: url=jdbc:h2:mem:db user=SA
2026-06-06T12:14:41.901+08:00  INFO 26996 --- [           main] com.zaxxer.hikari.HikariDataSource       : HikariPool-1 - Start completed.
2026-06-06T12:14:41.919+08:00  WARN 26996 --- [           main] org.hibernate.orm.deprecation            : HHH90000025: H2Dialect does not need to be specified explicitly using 'hibernate.dialect' (remove the property setting and it will be selected by default)
2026-06-06T12:14:41.937+08:00  INFO 26996 --- [           main] org.hibernate.orm.connections.pooling    : HHH10001005: Database info:
	Database JDBC URL [jdbc:h2:mem:db]
	Database driver: H2 JDBC Driver
	Database dialect: H2Dialect
	Database version: 2.4.240
	Default catalog/schema: DB/PUBLIC
	Autocommit mode: undefined/unknown
	Isolation level: READ_COMMITTED [default READ_COMMITTED]
	JDBC fetch size: 100
	Pool: DataSourceConnectionProvider
	Minimum pool size: undefined/unknown
	Maximum pool size: undefined/unknown
2026-06-06T12:14:42.799+08:00  INFO 26996 --- [           main] org.hibernate.orm.core                   : HHH000489: No JTA platform available (set 'hibernate.transaction.jta.platform' to enable JTA platform integration)
2026-06-06T12:14:42.848+08:00  INFO 26996 --- [           main] j.LocalContainerEntityManagerFactoryBean : Initialized JPA EntityManagerFactory for persistence unit 'default'
2026-06-06T12:14:42.966+08:00  INFO 26996 --- [           main] o.s.d.j.r.query.QueryEnhancerFactories   : Hibernate is in classpath; If applicable, HQL parser will be used.
2026-06-06T12:14:43.951+08:00  WARN 26996 --- [           main] JpaBaseConfiguration$JpaWebConfiguration : spring.jpa.open-in-view is enabled by default. Therefore, database queries may be performed during view rendering. Explicitly configure spring.jpa.open-in-view to disable this warning
2026-06-06T12:14:44.242+08:00  INFO 26996 --- [           main] r$InitializeUserDetailsManagerConfigurer : Global AuthenticationManager configured with UserDetailsService bean with name userDetailsService
2026-06-06T12:14:44.970+08:00  INFO 26996 --- [           main] o.s.boot.tomcat.TomcatWebServer          : Tomcat started on port 8080 (http) with context path '/'
2026-06-06T12:14:44.977+08:00  INFO 26996 --- [           main] db.sharib.ServiceControllerTest          : Started ServiceControllerTest in 5.562 seconds (process running for 6.692)
2026-06-06T12:14:44.984+08:00  INFO 26996 --- [           main] db.sharib.InitAndLoadDatabase            : initAuthorsRepository
2026-06-06T12:14:44.984+08:00  INFO 26996 --- [           main] db.sharib.InitAndLoadDatabase            : From file: C:/git/BookstoreDXC/src/main/resources/authors.csv
2026-06-06T12:14:44.990+08:00  INFO 26996 --- [           main] db.sharib.InitAndLoadDatabase            : Uploading file: C:\git\BookstoreDXC\src\main\resources\authors.csv
2026-06-06T12:14:44.990+08:00  INFO 26996 --- [           main] db.sharib.InitAndLoadDatabase            : lineString: Harper Lee, 28/04/1926, 
2026-06-06T12:14:44.991+08:00  INFO 26996 --- [           main] db.sharib.InitAndLoadDatabase            : author.toString(): Authors [name=Harper Lee, birthday=28/04/1926]
2026-06-06T12:14:45.084+08:00  INFO 26996 --- [           main] db.sharib.InitAndLoadDatabase            : lineString: George Orwell, 25/06/1903, 
2026-06-06T12:14:45.084+08:00  INFO 26996 --- [           main] db.sharib.InitAndLoadDatabase            : author.toString(): Authors [name=George Orwell, birthday=25/06/1903]
2026-06-06T12:14:45.085+08:00  INFO 26996 --- [           main] db.sharib.InitAndLoadDatabase            : lineString: J.K. Rowling, 31/07/1965, 
2026-06-06T12:14:45.085+08:00  INFO 26996 --- [           main] db.sharib.InitAndLoadDatabase            : author.toString(): Authors [name=J.K. Rowling, birthday=31/07/1965]
2026-06-06T12:14:45.086+08:00  INFO 26996 --- [           main] db.sharib.InitAndLoadDatabase            : insertCount: 3
2026-06-06T12:14:45.087+08:00  INFO 26996 --- [           main] db.sharib.InitAndLoadDatabase            : Authors Repository initialized and loaded!
2026-06-06T12:14:45.087+08:00  INFO 26996 --- [           main] db.sharib.InitAndLoadDatabase            : initBooksRepository
2026-06-06T12:14:45.087+08:00  INFO 26996 --- [           main] db.sharib.InitAndLoadDatabase            : From file: C:/git/BookstoreDXC/src/main/resources/books.csv
2026-06-06T12:14:45.087+08:00  INFO 26996 --- [           main] db.sharib.InitAndLoadDatabase            : Uploading file: C:\git\BookstoreDXC\src\main\resources\books.csv
2026-06-06T12:14:45.087+08:00  INFO 26996 --- [           main] db.sharib.InitAndLoadDatabase            : lineString: 9780060935467, To Kill a Mockingbird, Harper Lee, 1960, 9.99, Classic Fiction, 
2026-06-06T12:14:45.088+08:00  INFO 26996 --- [           main] db.sharib.InitAndLoadDatabase            : book.toString(): Books [isbn=9780060935467, title=To Kill a Mockingbird, authors=Harper Lee, yearPublished=1960, price=9.99, genre=Classic Fiction]
2026-06-06T12:14:45.095+08:00  INFO 26996 --- [           main] db.sharib.InitAndLoadDatabase            : lineString: 9780143124177, 1984, George Orwell, 1949, 10.5, Sci-Fi, 
2026-06-06T12:14:45.095+08:00  INFO 26996 --- [           main] db.sharib.InitAndLoadDatabase            : book.toString(): Books [isbn=9780143124177, title=1984, authors=George Orwell, yearPublished=1949, price=10.5, genre=Sci-Fi]
2026-06-06T12:14:45.098+08:00  INFO 26996 --- [           main] db.sharib.InitAndLoadDatabase            : lineString: 9780545010221, Harry Potter and the Sorcerer's Stone, J.K. Rowling, 1997, 8.99, Fantasy, 
2026-06-06T12:14:45.098+08:00  INFO 26996 --- [           main] db.sharib.InitAndLoadDatabase            : book.toString(): Books [isbn=9780545010221, title=Harry Potter and the Sorcerer's Stone, authors=J.K. Rowling, yearPublished=1997, price=8.99, genre=Fantasy]
2026-06-06T12:14:45.103+08:00  INFO 26996 --- [           main] db.sharib.InitAndLoadDatabase            : lineString: 9780545010222, Harry Potter and the Sorcerer's Stone 2, J.K. Rowling, 1999, 8.99, Fantasy, 
2026-06-06T12:14:45.103+08:00  INFO 26996 --- [           main] db.sharib.InitAndLoadDatabase            : book.toString(): Books [isbn=9780545010222, title=Harry Potter and the Sorcerer's Stone 2, authors=J.K. Rowling, yearPublished=1999, price=8.99, genre=Fantasy]
2026-06-06T12:14:45.105+08:00  INFO 26996 --- [           main] db.sharib.InitAndLoadDatabase            : lineString: 9780545010223, Harry Potter and the Sorcerer's Stone 3, J.K. Rowling, 2001, 8.99, Fantasy, 
2026-06-06T12:14:45.105+08:00  INFO 26996 --- [           main] db.sharib.InitAndLoadDatabase            : book.toString(): Books [isbn=9780545010223, title=Harry Potter and the Sorcerer's Stone 3, authors=J.K. Rowling, yearPublished=2001, price=8.99, genre=Fantasy]
2026-06-06T12:14:45.106+08:00  INFO 26996 --- [           main] db.sharib.InitAndLoadDatabase            : lineString: 9780545010224, Harry Potter and the Sorcerer's Stone 4, J.K. Rowling, 2003, 8.99, Fantasy, 
2026-06-06T12:14:45.107+08:00  INFO 26996 --- [           main] db.sharib.InitAndLoadDatabase            : book.toString(): Books [isbn=9780545010224, title=Harry Potter and the Sorcerer's Stone 4, authors=J.K. Rowling, yearPublished=2003, price=8.99, genre=Fantasy]
2026-06-06T12:14:45.108+08:00  INFO 26996 --- [           main] db.sharib.InitAndLoadDatabase            : lineString: 9780545010225, Harry Potter and the Sorcerer's Stone 5, J.K. Rowling, 2005, 8.99, Fantasy, 
2026-06-06T12:14:45.108+08:00  INFO 26996 --- [           main] db.sharib.InitAndLoadDatabase            : book.toString(): Books [isbn=9780545010225, title=Harry Potter and the Sorcerer's Stone 5, authors=J.K. Rowling, yearPublished=2005, price=8.99, genre=Fantasy]
2026-06-06T12:14:45.110+08:00  INFO 26996 --- [           main] db.sharib.InitAndLoadDatabase            : lineString: 9780545010226, Harry Potter and the Sorcerer's Stone 6, J.K. Rowling, 2007, 8.99, Fantasy, 
2026-06-06T12:14:45.110+08:00  INFO 26996 --- [           main] db.sharib.InitAndLoadDatabase            : book.toString(): Books [isbn=9780545010226, title=Harry Potter and the Sorcerer's Stone 6, authors=J.K. Rowling, yearPublished=2007, price=8.99, genre=Fantasy]
2026-06-06T12:14:45.111+08:00  INFO 26996 --- [           main] db.sharib.InitAndLoadDatabase            : lineString: 9780545010227, Harry Potter and the Sorcerer's Stone 7, J.K. Rowling, 2009, 8.99, Fantasy, 
2026-06-06T12:14:45.111+08:00  INFO 26996 --- [           main] db.sharib.InitAndLoadDatabase            : book.toString(): Books [isbn=9780545010227, title=Harry Potter and the Sorcerer's Stone 7, authors=J.K. Rowling, yearPublished=2009, price=8.99, genre=Fantasy]
2026-06-06T12:14:45.113+08:00  INFO 26996 --- [           main] db.sharib.InitAndLoadDatabase            : lineString: 9780545010228, Harry Potter and the Sorcerer's Stone 8, J.K. Rowling, 2011, 8.99, Fantasy, 
2026-06-06T12:14:45.113+08:00  INFO 26996 --- [           main] db.sharib.InitAndLoadDatabase            : book.toString(): Books [isbn=9780545010228, title=Harry Potter and the Sorcerer's Stone 8, authors=J.K. Rowling, yearPublished=2011, price=8.99, genre=Fantasy]
2026-06-06T12:14:45.114+08:00  INFO 26996 --- [           main] db.sharib.InitAndLoadDatabase            : lineString: 9780545010229, Harry Potter and the Sorcerer's Stone 9, J.K. Rowling, 2013, 8.99, Fantasy, 
2026-06-06T12:14:45.115+08:00  INFO 26996 --- [           main] db.sharib.InitAndLoadDatabase            : book.toString(): Books [isbn=9780545010229, title=Harry Potter and the Sorcerer's Stone 9, authors=J.K. Rowling, yearPublished=2013, price=8.99, genre=Fantasy]
2026-06-06T12:14:45.116+08:00  INFO 26996 --- [           main] db.sharib.InitAndLoadDatabase            : lineString: 9780545010230, Harry Potter and the Sorcerer's Stone 10, J.K. Rowling, 2015, 8.99, Fantasy, 
2026-06-06T12:14:45.116+08:00  INFO 26996 --- [           main] db.sharib.InitAndLoadDatabase            : book.toString(): Books [isbn=9780545010230, title=Harry Potter and the Sorcerer's Stone 10, authors=J.K. Rowling, yearPublished=2015, price=8.99, genre=Fantasy]
2026-06-06T12:14:45.118+08:00  INFO 26996 --- [           main] db.sharib.InitAndLoadDatabase            : lineString: 9780545010231, Harry Potter and the Sorcerer's Stone 11, J.K. Rowling, 2017, 8.99, Fantasy, 
2026-06-06T12:14:45.119+08:00  INFO 26996 --- [           main] db.sharib.InitAndLoadDatabase            : book.toString(): Books [isbn=9780545010231, title=Harry Potter and the Sorcerer's Stone 11, authors=J.K. Rowling, yearPublished=2017, price=8.99, genre=Fantasy]
2026-06-06T12:14:45.122+08:00  INFO 26996 --- [           main] db.sharib.InitAndLoadDatabase            : lineString: 9780545010232, Harry Potter and the Sorcerer's Stone 12, J.K. Rowling, 2019, 8.99, Fantasy, 
2026-06-06T12:14:45.123+08:00  INFO 26996 --- [           main] db.sharib.InitAndLoadDatabase            : book.toString(): Books [isbn=9780545010232, title=Harry Potter and the Sorcerer's Stone 12, authors=J.K. Rowling, yearPublished=2019, price=8.99, genre=Fantasy]
2026-06-06T12:14:45.125+08:00  INFO 26996 --- [           main] db.sharib.InitAndLoadDatabase            : lineString: 9780545010233, Harry Potter and the Sorcerer's Stone 13, J.K. Rowling, 2021, 8.99, Fantasy, 
2026-06-06T12:14:45.125+08:00  INFO 26996 --- [           main] db.sharib.InitAndLoadDatabase            : book.toString(): Books [isbn=9780545010233, title=Harry Potter and the Sorcerer's Stone 13, authors=J.K. Rowling, yearPublished=2021, price=8.99, genre=Fantasy]
2026-06-06T12:14:45.127+08:00  INFO 26996 --- [           main] db.sharib.InitAndLoadDatabase            : lineString: 9780545010234, Harry Potter and the Sorcerer's Stone 14, J.K. Rowling, 2023, 8.99, Fantasy, 
2026-06-06T12:14:45.127+08:00  INFO 26996 --- [           main] db.sharib.InitAndLoadDatabase            : book.toString(): Books [isbn=9780545010234, title=Harry Potter and the Sorcerer's Stone 14, authors=J.K. Rowling, yearPublished=2023, price=8.99, genre=Fantasy]
2026-06-06T12:14:45.129+08:00  INFO 26996 --- [           main] db.sharib.InitAndLoadDatabase            : lineString: 9780545010235, Harry Potter and the Sorcerer's Stone 15, J.K. Rowling, 2025, 8.99, Fantasy, 
2026-06-06T12:14:45.129+08:00  INFO 26996 --- [           main] db.sharib.InitAndLoadDatabase            : book.toString(): Books [isbn=9780545010235, title=Harry Potter and the Sorcerer's Stone 15, authors=J.K. Rowling, yearPublished=2025, price=8.99, genre=Fantasy]
2026-06-06T12:14:45.131+08:00  INFO 26996 --- [           main] db.sharib.InitAndLoadDatabase            : lineString: 9780545010236, Harry Potter and the Sorcerer's Stone 16, J.K. Rowling, 1949, 8.99, Fantasy, 
2026-06-06T12:14:45.131+08:00  INFO 26996 --- [           main] db.sharib.InitAndLoadDatabase            : book.toString(): Books [isbn=9780545010236, title=Harry Potter and the Sorcerer's Stone 16, authors=J.K. Rowling, yearPublished=1949, price=8.99, genre=Fantasy]
2026-06-06T12:14:45.134+08:00  INFO 26996 --- [           main] db.sharib.InitAndLoadDatabase            : lineString: 9780545010237, Harry Potter and the Sorcerer's Stone 17, J.K. Rowling, 1950, 8.99, Fantasy, 
2026-06-06T12:14:45.136+08:00  INFO 26996 --- [           main] db.sharib.InitAndLoadDatabase            : book.toString(): Books [isbn=9780545010237, title=Harry Potter and the Sorcerer's Stone 17, authors=J.K. Rowling, yearPublished=1950, price=8.99, genre=Fantasy]
2026-06-06T12:14:45.138+08:00  INFO 26996 --- [           main] db.sharib.InitAndLoadDatabase            : lineString: 9780545010238, Harry Potter and the Sorcerer's Stone 18, J.K. Rowling, 1951, 8.99, Fantasy, 
2026-06-06T12:14:45.138+08:00  INFO 26996 --- [           main] db.sharib.InitAndLoadDatabase            : book.toString(): Books [isbn=9780545010238, title=Harry Potter and the Sorcerer's Stone 18, authors=J.K. Rowling, yearPublished=1951, price=8.99, genre=Fantasy]
2026-06-06T12:14:45.140+08:00  INFO 26996 --- [           main] db.sharib.InitAndLoadDatabase            : lineString: 9780545010239, Harry Potter and the Sorcerer's Stone 19, J.K. Rowling, 1952, 8.99, Fantasy, 
2026-06-06T12:14:45.140+08:00  INFO 26996 --- [           main] db.sharib.InitAndLoadDatabase            : book.toString(): Books [isbn=9780545010239, title=Harry Potter and the Sorcerer's Stone 19, authors=J.K. Rowling, yearPublished=1952, price=8.99, genre=Fantasy]
2026-06-06T12:14:45.142+08:00  INFO 26996 --- [           main] db.sharib.InitAndLoadDatabase            : lineString: 9780545010240, Harry Potter and the Sorcerer's Stone 20, J.K. Rowling, 1953, 8.99, Fantasy, 
2026-06-06T12:14:45.142+08:00  INFO 26996 --- [           main] db.sharib.InitAndLoadDatabase            : book.toString(): Books [isbn=9780545010240, title=Harry Potter and the Sorcerer's Stone 20, authors=J.K. Rowling, yearPublished=1953, price=8.99, genre=Fantasy]
2026-06-06T12:14:45.144+08:00  INFO 26996 --- [           main] db.sharib.InitAndLoadDatabase            : lineString: 9780545010241, Harry Potter and the Sorcerer's Stone 21, J.K. Rowling, 1954, 8.99, Fantasy, 
2026-06-06T12:14:45.145+08:00  INFO 26996 --- [           main] db.sharib.InitAndLoadDatabase            : book.toString(): Books [isbn=9780545010241, title=Harry Potter and the Sorcerer's Stone 21, authors=J.K. Rowling, yearPublished=1954, price=8.99, genre=Fantasy]
2026-06-06T12:14:45.146+08:00  INFO 26996 --- [           main] db.sharib.InitAndLoadDatabase            : lineString: 9780545010242, Harry Potter and the Sorcerer's Stone 22, J.K. Rowling, 1955, 8.99, Fantasy, 
2026-06-06T12:14:45.147+08:00  INFO 26996 --- [           main] db.sharib.InitAndLoadDatabase            : book.toString(): Books [isbn=9780545010242, title=Harry Potter and the Sorcerer's Stone 22, authors=J.K. Rowling, yearPublished=1955, price=8.99, genre=Fantasy]
2026-06-06T12:14:45.148+08:00  INFO 26996 --- [           main] db.sharib.InitAndLoadDatabase            : lineString: 9780545010243, Harry Potter and the Sorcerer's Stone 23, J.K. Rowling, 1956, 8.99, Fantasy, 
2026-06-06T12:14:45.148+08:00  INFO 26996 --- [           main] db.sharib.InitAndLoadDatabase            : book.toString(): Books [isbn=9780545010243, title=Harry Potter and the Sorcerer's Stone 23, authors=J.K. Rowling, yearPublished=1956, price=8.99, genre=Fantasy]
2026-06-06T12:14:45.150+08:00  INFO 26996 --- [           main] db.sharib.InitAndLoadDatabase            : lineString: 9780545010244, Harry Potter and the Sorcerer's Stone 24, J.K. Rowling, 1957, 8.99, Fantasy, 
2026-06-06T12:14:45.150+08:00  INFO 26996 --- [           main] db.sharib.InitAndLoadDatabase            : book.toString(): Books [isbn=9780545010244, title=Harry Potter and the Sorcerer's Stone 24, authors=J.K. Rowling, yearPublished=1957, price=8.99, genre=Fantasy]
2026-06-06T12:14:45.152+08:00  INFO 26996 --- [           main] db.sharib.InitAndLoadDatabase            : lineString: 9780545010245, Harry Potter and the Sorcerer's Stone 25, J.K. Rowling, 1958, 8.99, Fantasy, 
2026-06-06T12:14:45.153+08:00  INFO 26996 --- [           main] db.sharib.InitAndLoadDatabase            : book.toString(): Books [isbn=9780545010245, title=Harry Potter and the Sorcerer's Stone 25, authors=J.K. Rowling, yearPublished=1958, price=8.99, genre=Fantasy]
2026-06-06T12:14:45.155+08:00  INFO 26996 --- [           main] db.sharib.InitAndLoadDatabase            : lineString: 9780545010246, Harry Potter and the Sorcerer's Stone 26, J.K. Rowling, 1959, 8.99, Fantasy, 
2026-06-06T12:14:45.155+08:00  INFO 26996 --- [           main] db.sharib.InitAndLoadDatabase            : book.toString(): Books [isbn=9780545010246, title=Harry Potter and the Sorcerer's Stone 26, authors=J.K. Rowling, yearPublished=1959, price=8.99, genre=Fantasy]
2026-06-06T12:14:45.158+08:00  INFO 26996 --- [           main] db.sharib.InitAndLoadDatabase            : lineString: 9780545010247, Harry Potter and the Sorcerer's Stone 27, J.K. Rowling, 1960, 8.99, Fantasy, 
2026-06-06T12:14:45.159+08:00  INFO 26996 --- [           main] db.sharib.InitAndLoadDatabase            : book.toString(): Books [isbn=9780545010247, title=Harry Potter and the Sorcerer's Stone 27, authors=J.K. Rowling, yearPublished=1960, price=8.99, genre=Fantasy]
2026-06-06T12:14:45.163+08:00  INFO 26996 --- [           main] db.sharib.InitAndLoadDatabase            : lineString: 9780545010248, Harry Potter and the Sorcerer's Stone 28, J.K. Rowling, 1961, 8.99, Fantasy, 
2026-06-06T12:14:45.163+08:00  INFO 26996 --- [           main] db.sharib.InitAndLoadDatabase            : book.toString(): Books [isbn=9780545010248, title=Harry Potter and the Sorcerer's Stone 28, authors=J.K. Rowling, yearPublished=1961, price=8.99, genre=Fantasy]
2026-06-06T12:14:45.168+08:00  INFO 26996 --- [           main] db.sharib.InitAndLoadDatabase            : lineString: 9780545010249, Harry Potter and the Sorcerer's Stone 29, J.K. Rowling, 1962, 8.99, Fantasy, 
2026-06-06T12:14:45.168+08:00  INFO 26996 --- [           main] db.sharib.InitAndLoadDatabase            : book.toString(): Books [isbn=9780545010249, title=Harry Potter and the Sorcerer's Stone 29, authors=J.K. Rowling, yearPublished=1962, price=8.99, genre=Fantasy]
2026-06-06T12:14:45.171+08:00  INFO 26996 --- [           main] db.sharib.InitAndLoadDatabase            : lineString: 9780545010250, Harry Potter and the Sorcerer's Stone 30, J.K. Rowling, 1963, 8.99, Fantasy, 
2026-06-06T12:14:45.171+08:00  INFO 26996 --- [           main] db.sharib.InitAndLoadDatabase            : book.toString(): Books [isbn=9780545010250, title=Harry Potter and the Sorcerer's Stone 30, authors=J.K. Rowling, yearPublished=1963, price=8.99, genre=Fantasy]
2026-06-06T12:14:45.174+08:00  INFO 26996 --- [           main] db.sharib.InitAndLoadDatabase            : lineString: 9780545010251, Harry Potter and the Sorcerer's Stone 31, J.K. Rowling, 1964, 8.99, Fantasy, 
2026-06-06T12:14:45.174+08:00  INFO 26996 --- [           main] db.sharib.InitAndLoadDatabase            : book.toString(): Books [isbn=9780545010251, title=Harry Potter and the Sorcerer's Stone 31, authors=J.K. Rowling, yearPublished=1964, price=8.99, genre=Fantasy]
2026-06-06T12:14:45.177+08:00  INFO 26996 --- [           main] db.sharib.InitAndLoadDatabase            : lineString: 9780545010252, Harry Potter and the Sorcerer's Stone 32, J.K. Rowling, 1965, 8.99, Fantasy, 
2026-06-06T12:14:45.177+08:00  INFO 26996 --- [           main] db.sharib.InitAndLoadDatabase            : book.toString(): Books [isbn=9780545010252, title=Harry Potter and the Sorcerer's Stone 32, authors=J.K. Rowling, yearPublished=1965, price=8.99, genre=Fantasy]
2026-06-06T12:14:45.179+08:00  INFO 26996 --- [           main] db.sharib.InitAndLoadDatabase            : lineString: 9780545010253, Harry Potter and the Sorcerer's Stone 33, J.K. Rowling, 1966, 8.99, Fantasy, 
2026-06-06T12:14:45.179+08:00  INFO 26996 --- [           main] db.sharib.InitAndLoadDatabase            : book.toString(): Books [isbn=9780545010253, title=Harry Potter and the Sorcerer's Stone 33, authors=J.K. Rowling, yearPublished=1966, price=8.99, genre=Fantasy]
2026-06-06T12:14:45.182+08:00  INFO 26996 --- [           main] db.sharib.InitAndLoadDatabase            : lineString: 9780545010254, Harry Potter and the Sorcerer's Stone 34, J.K. Rowling, 1967, 8.99, Fantasy, 
2026-06-06T12:14:45.182+08:00  INFO 26996 --- [           main] db.sharib.InitAndLoadDatabase            : book.toString(): Books [isbn=9780545010254, title=Harry Potter and the Sorcerer's Stone 34, authors=J.K. Rowling, yearPublished=1967, price=8.99, genre=Fantasy]
2026-06-06T12:14:45.184+08:00  INFO 26996 --- [           main] db.sharib.InitAndLoadDatabase            : lineString: 9780545010255, Harry Potter and the Sorcerer's Stone 35, J.K. Rowling, 1968, 8.99, Fantasy, 
2026-06-06T12:14:45.185+08:00  INFO 26996 --- [           main] db.sharib.InitAndLoadDatabase            : book.toString(): Books [isbn=9780545010255, title=Harry Potter and the Sorcerer's Stone 35, authors=J.K. Rowling, yearPublished=1968, price=8.99, genre=Fantasy]
2026-06-06T12:14:45.187+08:00  INFO 26996 --- [           main] db.sharib.InitAndLoadDatabase            : lineString: 9780545010256, Harry Potter and the Sorcerer's Stone 36, J.K. Rowling, 1969, 8.99, Fantasy, 
2026-06-06T12:14:45.187+08:00  INFO 26996 --- [           main] db.sharib.InitAndLoadDatabase            : book.toString(): Books [isbn=9780545010256, title=Harry Potter and the Sorcerer's Stone 36, authors=J.K. Rowling, yearPublished=1969, price=8.99, genre=Fantasy]
2026-06-06T12:14:45.190+08:00  INFO 26996 --- [           main] db.sharib.InitAndLoadDatabase            : lineString: 9780545010257, Harry Potter and the Sorcerer's Stone 37, J.K. Rowling, 1970, 8.99, Fantasy, 
2026-06-06T12:14:45.190+08:00  INFO 26996 --- [           main] db.sharib.InitAndLoadDatabase            : book.toString(): Books [isbn=9780545010257, title=Harry Potter and the Sorcerer's Stone 37, authors=J.K. Rowling, yearPublished=1970, price=8.99, genre=Fantasy]
2026-06-06T12:14:45.192+08:00  INFO 26996 --- [           main] db.sharib.InitAndLoadDatabase            : lineString: 9780545010258, Harry Potter and the Sorcerer's Stone 38, J.K. Rowling, 1971, 8.99, Fantasy, 
2026-06-06T12:14:45.192+08:00  INFO 26996 --- [           main] db.sharib.InitAndLoadDatabase            : book.toString(): Books [isbn=9780545010258, title=Harry Potter and the Sorcerer's Stone 38, authors=J.K. Rowling, yearPublished=1971, price=8.99, genre=Fantasy]
2026-06-06T12:14:45.196+08:00  INFO 26996 --- [           main] db.sharib.InitAndLoadDatabase            : lineString: 9780545010259, Harry Potter and the Sorcerer's Stone 39, J.K. Rowling, 1972, 8.99, Fantasy, 
2026-06-06T12:14:45.196+08:00  INFO 26996 --- [           main] db.sharib.InitAndLoadDatabase            : book.toString(): Books [isbn=9780545010259, title=Harry Potter and the Sorcerer's Stone 39, authors=J.K. Rowling, yearPublished=1972, price=8.99, genre=Fantasy]
2026-06-06T12:14:45.200+08:00  INFO 26996 --- [           main] db.sharib.InitAndLoadDatabase            : lineString: 9780545010260, Harry Potter and the Sorcerer's Stone 40, J.K. Rowling, 1973, 8.99, Fantasy, 
2026-06-06T12:14:45.200+08:00  INFO 26996 --- [           main] db.sharib.InitAndLoadDatabase            : book.toString(): Books [isbn=9780545010260, title=Harry Potter and the Sorcerer's Stone 40, authors=J.K. Rowling, yearPublished=1973, price=8.99, genre=Fantasy]
2026-06-06T12:14:45.203+08:00  INFO 26996 --- [           main] db.sharib.InitAndLoadDatabase            : lineString: 9780545010261, Harry Potter and the Sorcerer's Stone 41, J.K. Rowling, 1974, 8.99, Fantasy, 
2026-06-06T12:14:45.204+08:00  INFO 26996 --- [           main] db.sharib.InitAndLoadDatabase            : book.toString(): Books [isbn=9780545010261, title=Harry Potter and the Sorcerer's Stone 41, authors=J.K. Rowling, yearPublished=1974, price=8.99, genre=Fantasy]
2026-06-06T12:14:45.207+08:00  INFO 26996 --- [           main] db.sharib.InitAndLoadDatabase            : lineString: 9780545010262, Harry Potter and the Sorcerer's Stone 42, J.K. Rowling, 1975, 8.99, Fantasy, 
2026-06-06T12:14:45.207+08:00  INFO 26996 --- [           main] db.sharib.InitAndLoadDatabase            : book.toString(): Books [isbn=9780545010262, title=Harry Potter and the Sorcerer's Stone 42, authors=J.K. Rowling, yearPublished=1975, price=8.99, genre=Fantasy]
2026-06-06T12:14:45.211+08:00  INFO 26996 --- [           main] db.sharib.InitAndLoadDatabase            : lineString: 9780545010263, Harry Potter and the Sorcerer's Stone 43, J.K. Rowling, 1976, 8.99, Fantasy, 
2026-06-06T12:14:45.211+08:00  INFO 26996 --- [           main] db.sharib.InitAndLoadDatabase            : book.toString(): Books [isbn=9780545010263, title=Harry Potter and the Sorcerer's Stone 43, authors=J.K. Rowling, yearPublished=1976, price=8.99, genre=Fantasy]
2026-06-06T12:14:45.215+08:00  INFO 26996 --- [           main] db.sharib.InitAndLoadDatabase            : lineString: 9780545010264, Harry Potter and the Sorcerer's Stone 44, J.K. Rowling, 1977, 8.99, Fantasy, 
2026-06-06T12:14:45.215+08:00  INFO 26996 --- [           main] db.sharib.InitAndLoadDatabase            : book.toString(): Books [isbn=9780545010264, title=Harry Potter and the Sorcerer's Stone 44, authors=J.K. Rowling, yearPublished=1977, price=8.99, genre=Fantasy]
2026-06-06T12:14:45.219+08:00  INFO 26996 --- [           main] db.sharib.InitAndLoadDatabase            : lineString: 9780545010265, Harry Potter and the Sorcerer's Stone 45, J.K. Rowling, 1978, 8.99, Fantasy, 
2026-06-06T12:14:45.220+08:00  INFO 26996 --- [           main] db.sharib.InitAndLoadDatabase            : book.toString(): Books [isbn=9780545010265, title=Harry Potter and the Sorcerer's Stone 45, authors=J.K. Rowling, yearPublished=1978, price=8.99, genre=Fantasy]
2026-06-06T12:14:45.223+08:00  INFO 26996 --- [           main] db.sharib.InitAndLoadDatabase            : lineString: 9780545010266, Harry Potter and the Sorcerer's Stone 46, J.K. Rowling, 1979, 8.99, Fantasy, 
2026-06-06T12:14:45.224+08:00  INFO 26996 --- [           main] db.sharib.InitAndLoadDatabase            : book.toString(): Books [isbn=9780545010266, title=Harry Potter and the Sorcerer's Stone 46, authors=J.K. Rowling, yearPublished=1979, price=8.99, genre=Fantasy]
2026-06-06T12:14:45.227+08:00  INFO 26996 --- [           main] db.sharib.InitAndLoadDatabase            : lineString: 9780545010267, Harry Potter and the Sorcerer's Stone 47, J.K. Rowling, 1980, 8.99, Fantasy, 
2026-06-06T12:14:45.228+08:00  INFO 26996 --- [           main] db.sharib.InitAndLoadDatabase            : book.toString(): Books [isbn=9780545010267, title=Harry Potter and the Sorcerer's Stone 47, authors=J.K. Rowling, yearPublished=1980, price=8.99, genre=Fantasy]
2026-06-06T12:14:45.235+08:00  INFO 26996 --- [           main] db.sharib.InitAndLoadDatabase            : lineString: 9780545010268, Harry Potter and the Sorcerer's Stone 48, J.K. Rowling, 1981, 8.99, Fantasy, 
2026-06-06T12:14:45.235+08:00  INFO 26996 --- [           main] db.sharib.InitAndLoadDatabase            : book.toString(): Books [isbn=9780545010268, title=Harry Potter and the Sorcerer's Stone 48, authors=J.K. Rowling, yearPublished=1981, price=8.99, genre=Fantasy]
2026-06-06T12:14:45.239+08:00  INFO 26996 --- [           main] db.sharib.InitAndLoadDatabase            : lineString: 9780545010269, Harry Potter and the Sorcerer's Stone 49, J.K. Rowling, 1982, 8.99, Fantasy, 
2026-06-06T12:14:45.240+08:00  INFO 26996 --- [           main] db.sharib.InitAndLoadDatabase            : book.toString(): Books [isbn=9780545010269, title=Harry Potter and the Sorcerer's Stone 49, authors=J.K. Rowling, yearPublished=1982, price=8.99, genre=Fantasy]
2026-06-06T12:14:45.243+08:00  INFO 26996 --- [           main] db.sharib.InitAndLoadDatabase            : lineString: 9780545010270, Harry Potter and the Sorcerer's Stone 50, J.K. Rowling, 1983, 8.99, Fantasy, 
2026-06-06T12:14:45.243+08:00  INFO 26996 --- [           main] db.sharib.InitAndLoadDatabase            : book.toString(): Books [isbn=9780545010270, title=Harry Potter and the Sorcerer's Stone 50, authors=J.K. Rowling, yearPublished=1983, price=8.99, genre=Fantasy]
2026-06-06T12:14:45.247+08:00  INFO 26996 --- [           main] db.sharib.InitAndLoadDatabase            : lineString: 9780545010271, Harry Potter and the Sorcerer's Stone 51, J.K. Rowling, 1984, 8.99, Fantasy, 
2026-06-06T12:14:45.247+08:00  INFO 26996 --- [           main] db.sharib.InitAndLoadDatabase            : book.toString(): Books [isbn=9780545010271, title=Harry Potter and the Sorcerer's Stone 51, authors=J.K. Rowling, yearPublished=1984, price=8.99, genre=Fantasy]
2026-06-06T12:14:45.250+08:00  INFO 26996 --- [           main] db.sharib.InitAndLoadDatabase            : lineString: 9780545010272, Harry Potter and the Sorcerer's Stone 52, J.K. Rowling, 1985, 8.99, Fantasy, 
2026-06-06T12:14:45.251+08:00  INFO 26996 --- [           main] db.sharib.InitAndLoadDatabase            : book.toString(): Books [isbn=9780545010272, title=Harry Potter and the Sorcerer's Stone 52, authors=J.K. Rowling, yearPublished=1985, price=8.99, genre=Fantasy]
2026-06-06T12:14:45.254+08:00  INFO 26996 --- [           main] db.sharib.InitAndLoadDatabase            : lineString: 9780545010273, Harry Potter and the Sorcerer's Stone 53, J.K. Rowling, 1986, 8.99, Fantasy, 
2026-06-06T12:14:45.254+08:00  INFO 26996 --- [           main] db.sharib.InitAndLoadDatabase            : book.toString(): Books [isbn=9780545010273, title=Harry Potter and the Sorcerer's Stone 53, authors=J.K. Rowling, yearPublished=1986, price=8.99, genre=Fantasy]
2026-06-06T12:14:45.258+08:00  INFO 26996 --- [           main] db.sharib.InitAndLoadDatabase            : lineString: 9780545010274, Harry Potter and the Sorcerer's Stone 54, J.K. Rowling, 1987, 8.99, Fantasy, 
2026-06-06T12:14:45.258+08:00  INFO 26996 --- [           main] db.sharib.InitAndLoadDatabase            : book.toString(): Books [isbn=9780545010274, title=Harry Potter and the Sorcerer's Stone 54, authors=J.K. Rowling, yearPublished=1987, price=8.99, genre=Fantasy]
2026-06-06T12:14:45.262+08:00  INFO 26996 --- [           main] db.sharib.InitAndLoadDatabase            : lineString: 9780545010275, Harry Potter and the Sorcerer's Stone 55, J.K. Rowling, 1988, 8.99, Fantasy, 
2026-06-06T12:14:45.263+08:00  INFO 26996 --- [           main] db.sharib.InitAndLoadDatabase            : book.toString(): Books [isbn=9780545010275, title=Harry Potter and the Sorcerer's Stone 55, authors=J.K. Rowling, yearPublished=1988, price=8.99, genre=Fantasy]
2026-06-06T12:14:45.265+08:00  INFO 26996 --- [           main] db.sharib.InitAndLoadDatabase            : lineString: 9780545010276, Harry Potter and the Sorcerer's Stone 56, J.K. Rowling, 1989, 8.99, Fantasy, 
2026-06-06T12:14:45.265+08:00  INFO 26996 --- [           main] db.sharib.InitAndLoadDatabase            : book.toString(): Books [isbn=9780545010276, title=Harry Potter and the Sorcerer's Stone 56, authors=J.K. Rowling, yearPublished=1989, price=8.99, genre=Fantasy]
2026-06-06T12:14:45.267+08:00  INFO 26996 --- [           main] db.sharib.InitAndLoadDatabase            : lineString: 9780545010277, Harry Potter and the Sorcerer's Stone 57, J.K. Rowling, 1990, 8.99, Fantasy, 
2026-06-06T12:14:45.267+08:00  INFO 26996 --- [           main] db.sharib.InitAndLoadDatabase            : book.toString(): Books [isbn=9780545010277, title=Harry Potter and the Sorcerer's Stone 57, authors=J.K. Rowling, yearPublished=1990, price=8.99, genre=Fantasy]
2026-06-06T12:14:45.269+08:00  INFO 26996 --- [           main] db.sharib.InitAndLoadDatabase            : lineString: 9780545010278, Harry Potter and the Sorcerer's Stone 58, J.K. Rowling, 1991, 8.99, Fantasy, 
2026-06-06T12:14:45.269+08:00  INFO 26996 --- [           main] db.sharib.InitAndLoadDatabase            : book.toString(): Books [isbn=9780545010278, title=Harry Potter and the Sorcerer's Stone 58, authors=J.K. Rowling, yearPublished=1991, price=8.99, genre=Fantasy]
2026-06-06T12:14:45.272+08:00  INFO 26996 --- [           main] db.sharib.InitAndLoadDatabase            : lineString: 9780545010279, Harry Potter and the Sorcerer's Stone 59, J.K. Rowling, 1992, 8.99, Fantasy, 
2026-06-06T12:14:45.272+08:00  INFO 26996 --- [           main] db.sharib.InitAndLoadDatabase            : book.toString(): Books [isbn=9780545010279, title=Harry Potter and the Sorcerer's Stone 59, authors=J.K. Rowling, yearPublished=1992, price=8.99, genre=Fantasy]
2026-06-06T12:14:45.277+08:00  INFO 26996 --- [           main] db.sharib.InitAndLoadDatabase            : lineString: 9780545010280, Harry Potter and the Sorcerer's Stone 60, J.K. Rowling, 1993, 8.99, Fantasy, 
2026-06-06T12:14:45.277+08:00  INFO 26996 --- [           main] db.sharib.InitAndLoadDatabase            : book.toString(): Books [isbn=9780545010280, title=Harry Potter and the Sorcerer's Stone 60, authors=J.K. Rowling, yearPublished=1993, price=8.99, genre=Fantasy]
2026-06-06T12:14:45.280+08:00  INFO 26996 --- [           main] db.sharib.InitAndLoadDatabase            : lineString: 9780545010281, Harry Potter and the Sorcerer's Stone 61, J.K. Rowling, 1994, 8.99, Fantasy, 
2026-06-06T12:14:45.281+08:00  INFO 26996 --- [           main] db.sharib.InitAndLoadDatabase            : book.toString(): Books [isbn=9780545010281, title=Harry Potter and the Sorcerer's Stone 61, authors=J.K. Rowling, yearPublished=1994, price=8.99, genre=Fantasy]
2026-06-06T12:14:45.284+08:00  INFO 26996 --- [           main] db.sharib.InitAndLoadDatabase            : lineString: 9780545010282, Harry Potter and the Sorcerer's Stone 62, J.K. Rowling, 1995, 8.99, Fantasy, 
2026-06-06T12:14:45.284+08:00  INFO 26996 --- [           main] db.sharib.InitAndLoadDatabase            : book.toString(): Books [isbn=9780545010282, title=Harry Potter and the Sorcerer's Stone 62, authors=J.K. Rowling, yearPublished=1995, price=8.99, genre=Fantasy]
2026-06-06T12:14:45.290+08:00  INFO 26996 --- [           main] db.sharib.InitAndLoadDatabase            : lineString: 9780545010283, Harry Potter and the Sorcerer's Stone 63, J.K. Rowling, 1996, 8.99, Fantasy, 
2026-06-06T12:14:45.291+08:00  INFO 26996 --- [           main] db.sharib.InitAndLoadDatabase            : book.toString(): Books [isbn=9780545010283, title=Harry Potter and the Sorcerer's Stone 63, authors=J.K. Rowling, yearPublished=1996, price=8.99, genre=Fantasy]
2026-06-06T12:14:45.294+08:00  INFO 26996 --- [           main] db.sharib.InitAndLoadDatabase            : lineString: 9780545010284, Harry Potter and the Sorcerer's Stone 64, J.K. Rowling, 1997, 8.99, Fantasy, 
2026-06-06T12:14:45.294+08:00  INFO 26996 --- [           main] db.sharib.InitAndLoadDatabase            : book.toString(): Books [isbn=9780545010284, title=Harry Potter and the Sorcerer's Stone 64, authors=J.K. Rowling, yearPublished=1997, price=8.99, genre=Fantasy]
2026-06-06T12:14:45.297+08:00  INFO 26996 --- [           main] db.sharib.InitAndLoadDatabase            : lineString: 9780545010285, Harry Potter and the Sorcerer's Stone 65, J.K. Rowling, 1998, 8.99, Fantasy, 
2026-06-06T12:14:45.297+08:00  INFO 26996 --- [           main] db.sharib.InitAndLoadDatabase            : book.toString(): Books [isbn=9780545010285, title=Harry Potter and the Sorcerer's Stone 65, authors=J.K. Rowling, yearPublished=1998, price=8.99, genre=Fantasy]
2026-06-06T12:14:45.300+08:00  INFO 26996 --- [           main] db.sharib.InitAndLoadDatabase            : lineString: 9780545010286, Harry Potter and the Sorcerer's Stone 66, J.K. Rowling, 1999, 8.99, Fantasy, 
2026-06-06T12:14:45.300+08:00  INFO 26996 --- [           main] db.sharib.InitAndLoadDatabase            : book.toString(): Books [isbn=9780545010286, title=Harry Potter and the Sorcerer's Stone 66, authors=J.K. Rowling, yearPublished=1999, price=8.99, genre=Fantasy]
2026-06-06T12:14:45.302+08:00  INFO 26996 --- [           main] db.sharib.InitAndLoadDatabase            : lineString: 9780545010287, Harry Potter and the Sorcerer's Stone 67, J.K. Rowling, 2000, 8.99, Fantasy, 
2026-06-06T12:14:45.302+08:00  INFO 26996 --- [           main] db.sharib.InitAndLoadDatabase            : book.toString(): Books [isbn=9780545010287, title=Harry Potter and the Sorcerer's Stone 67, authors=J.K. Rowling, yearPublished=2000, price=8.99, genre=Fantasy]
2026-06-06T12:14:45.304+08:00  INFO 26996 --- [           main] db.sharib.InitAndLoadDatabase            : lineString: 9780545010288, Harry Potter and the Sorcerer's Stone 68, J.K. Rowling, 2001, 8.99, Fantasy, 
2026-06-06T12:14:45.305+08:00  INFO 26996 --- [           main] db.sharib.InitAndLoadDatabase            : book.toString(): Books [isbn=9780545010288, title=Harry Potter and the Sorcerer's Stone 68, authors=J.K. Rowling, yearPublished=2001, price=8.99, genre=Fantasy]
2026-06-06T12:14:45.307+08:00  INFO 26996 --- [           main] db.sharib.InitAndLoadDatabase            : lineString: 9780545010289, Harry Potter and the Sorcerer's Stone 69, J.K. Rowling, 2002, 8.99, Fantasy, 
2026-06-06T12:14:45.307+08:00  INFO 26996 --- [           main] db.sharib.InitAndLoadDatabase            : book.toString(): Books [isbn=9780545010289, title=Harry Potter and the Sorcerer's Stone 69, authors=J.K. Rowling, yearPublished=2002, price=8.99, genre=Fantasy]
2026-06-06T12:14:45.310+08:00  INFO 26996 --- [           main] db.sharib.InitAndLoadDatabase            : lineString: 9780545010290, Harry Potter and the Sorcerer's Stone 70, J.K. Rowling, 2003, 8.99, Fantasy, 
2026-06-06T12:14:45.310+08:00  INFO 26996 --- [           main] db.sharib.InitAndLoadDatabase            : book.toString(): Books [isbn=9780545010290, title=Harry Potter and the Sorcerer's Stone 70, authors=J.K. Rowling, yearPublished=2003, price=8.99, genre=Fantasy]
2026-06-06T12:14:45.313+08:00  INFO 26996 --- [           main] db.sharib.InitAndLoadDatabase            : lineString: 9780545010291, Harry Potter and the Sorcerer's Stone 71, J.K. Rowling, 2004, 8.99, Fantasy, 
2026-06-06T12:14:45.313+08:00  INFO 26996 --- [           main] db.sharib.InitAndLoadDatabase            : book.toString(): Books [isbn=9780545010291, title=Harry Potter and the Sorcerer's Stone 71, authors=J.K. Rowling, yearPublished=2004, price=8.99, genre=Fantasy]
2026-06-06T12:14:45.316+08:00  INFO 26996 --- [           main] db.sharib.InitAndLoadDatabase            : lineString: 9780545010292, Harry Potter and the Sorcerer's Stone 72, J.K. Rowling, 2005, 8.99, Fantasy, 
2026-06-06T12:14:45.316+08:00  INFO 26996 --- [           main] db.sharib.InitAndLoadDatabase            : book.toString(): Books [isbn=9780545010292, title=Harry Potter and the Sorcerer's Stone 72, authors=J.K. Rowling, yearPublished=2005, price=8.99, genre=Fantasy]
2026-06-06T12:14:45.318+08:00  INFO 26996 --- [           main] db.sharib.InitAndLoadDatabase            : lineString: 9780545010293, Harry Potter and the Sorcerer's Stone 73, J.K. Rowling, 2006, 8.99, Fantasy, 
2026-06-06T12:14:45.318+08:00  INFO 26996 --- [           main] db.sharib.InitAndLoadDatabase            : book.toString(): Books [isbn=9780545010293, title=Harry Potter and the Sorcerer's Stone 73, authors=J.K. Rowling, yearPublished=2006, price=8.99, genre=Fantasy]
2026-06-06T12:14:45.321+08:00  INFO 26996 --- [           main] db.sharib.InitAndLoadDatabase            : lineString: 9780545010294, Harry Potter and the Sorcerer's Stone 74, J.K. Rowling, 2007, 8.99, Fantasy, 
2026-06-06T12:14:45.321+08:00  INFO 26996 --- [           main] db.sharib.InitAndLoadDatabase            : book.toString(): Books [isbn=9780545010294, title=Harry Potter and the Sorcerer's Stone 74, authors=J.K. Rowling, yearPublished=2007, price=8.99, genre=Fantasy]
2026-06-06T12:14:45.325+08:00  INFO 26996 --- [           main] db.sharib.InitAndLoadDatabase            : lineString: 9780545010295, Harry Potter and the Sorcerer's Stone 75, J.K. Rowling, 2008, 8.99, Fantasy, 
2026-06-06T12:14:45.326+08:00  INFO 26996 --- [           main] db.sharib.InitAndLoadDatabase            : book.toString(): Books [isbn=9780545010295, title=Harry Potter and the Sorcerer's Stone 75, authors=J.K. Rowling, yearPublished=2008, price=8.99, genre=Fantasy]
2026-06-06T12:14:45.329+08:00  INFO 26996 --- [           main] db.sharib.InitAndLoadDatabase            : lineString: 9780545010296, Harry Potter and the Sorcerer's Stone 76, J.K. Rowling, 2009, 8.99, Fantasy, 
2026-06-06T12:14:45.329+08:00  INFO 26996 --- [           main] db.sharib.InitAndLoadDatabase            : book.toString(): Books [isbn=9780545010296, title=Harry Potter and the Sorcerer's Stone 76, authors=J.K. Rowling, yearPublished=2009, price=8.99, genre=Fantasy]
2026-06-06T12:14:45.332+08:00  INFO 26996 --- [           main] db.sharib.InitAndLoadDatabase            : lineString: 9780545010297, Harry Potter and the Sorcerer's Stone 77, J.K. Rowling, 2010, 8.99, Fantasy, 
2026-06-06T12:14:45.332+08:00  INFO 26996 --- [           main] db.sharib.InitAndLoadDatabase            : book.toString(): Books [isbn=9780545010297, title=Harry Potter and the Sorcerer's Stone 77, authors=J.K. Rowling, yearPublished=2010, price=8.99, genre=Fantasy]
2026-06-06T12:14:45.335+08:00  INFO 26996 --- [           main] db.sharib.InitAndLoadDatabase            : lineString: 9780545010298, Harry Potter and the Sorcerer's Stone 78, J.K. Rowling, 2011, 8.99, Fantasy, 
2026-06-06T12:14:45.335+08:00  INFO 26996 --- [           main] db.sharib.InitAndLoadDatabase            : book.toString(): Books [isbn=9780545010298, title=Harry Potter and the Sorcerer's Stone 78, authors=J.K. Rowling, yearPublished=2011, price=8.99, genre=Fantasy]
2026-06-06T12:14:45.338+08:00  INFO 26996 --- [           main] db.sharib.InitAndLoadDatabase            : lineString: 9780545010299, Harry Potter and the Sorcerer's Stone 79, J.K. Rowling, 2012, 8.99, Fantasy, 
2026-06-06T12:14:45.338+08:00  INFO 26996 --- [           main] db.sharib.InitAndLoadDatabase            : book.toString(): Books [isbn=9780545010299, title=Harry Potter and the Sorcerer's Stone 79, authors=J.K. Rowling, yearPublished=2012, price=8.99, genre=Fantasy]
2026-06-06T12:14:45.342+08:00  INFO 26996 --- [           main] db.sharib.InitAndLoadDatabase            : lineString: 9780545010300, Harry Potter and the Sorcerer's Stone 80, J.K. Rowling, 2013, 8.99, Fantasy, 
2026-06-06T12:14:45.342+08:00  INFO 26996 --- [           main] db.sharib.InitAndLoadDatabase            : book.toString(): Books [isbn=9780545010300, title=Harry Potter and the Sorcerer's Stone 80, authors=J.K. Rowling, yearPublished=2013, price=8.99, genre=Fantasy]
2026-06-06T12:14:45.345+08:00  INFO 26996 --- [           main] db.sharib.InitAndLoadDatabase            : lineString: 9780545010301, Harry Potter and the Sorcerer's Stone 81, J.K. Rowling, 2014, 8.99, Fantasy, 
2026-06-06T12:14:45.345+08:00  INFO 26996 --- [           main] db.sharib.InitAndLoadDatabase            : book.toString(): Books [isbn=9780545010301, title=Harry Potter and the Sorcerer's Stone 81, authors=J.K. Rowling, yearPublished=2014, price=8.99, genre=Fantasy]
2026-06-06T12:14:45.347+08:00  INFO 26996 --- [           main] db.sharib.InitAndLoadDatabase            : lineString: 9780545010302, Harry Potter and the Sorcerer's Stone 82, J.K. Rowling, 2015, 8.99, Fantasy, 
2026-06-06T12:14:45.348+08:00  INFO 26996 --- [           main] db.sharib.InitAndLoadDatabase            : book.toString(): Books [isbn=9780545010302, title=Harry Potter and the Sorcerer's Stone 82, authors=J.K. Rowling, yearPublished=2015, price=8.99, genre=Fantasy]
2026-06-06T12:14:45.350+08:00  INFO 26996 --- [           main] db.sharib.InitAndLoadDatabase            : lineString: 9780545010303, Harry Potter and the Sorcerer's Stone 83, J.K. Rowling, 2016, 8.99, Fantasy, 
2026-06-06T12:14:45.351+08:00  INFO 26996 --- [           main] db.sharib.InitAndLoadDatabase            : book.toString(): Books [isbn=9780545010303, title=Harry Potter and the Sorcerer's Stone 83, authors=J.K. Rowling, yearPublished=2016, price=8.99, genre=Fantasy]
2026-06-06T12:14:45.353+08:00  INFO 26996 --- [           main] db.sharib.InitAndLoadDatabase            : lineString: 9780545010304, Harry Potter and the Sorcerer's Stone 84, J.K. Rowling, 2017, 8.99, Fantasy, 
2026-06-06T12:14:45.353+08:00  INFO 26996 --- [           main] db.sharib.InitAndLoadDatabase            : book.toString(): Books [isbn=9780545010304, title=Harry Potter and the Sorcerer's Stone 84, authors=J.K. Rowling, yearPublished=2017, price=8.99, genre=Fantasy]
2026-06-06T12:14:45.357+08:00  INFO 26996 --- [           main] db.sharib.InitAndLoadDatabase            : lineString: 9780545010305, Harry Potter and the Sorcerer's Stone 85, J.K. Rowling, 2018, 8.99, Fantasy, 
2026-06-06T12:14:45.358+08:00  INFO 26996 --- [           main] db.sharib.InitAndLoadDatabase            : book.toString(): Books [isbn=9780545010305, title=Harry Potter and the Sorcerer's Stone 85, authors=J.K. Rowling, yearPublished=2018, price=8.99, genre=Fantasy]
2026-06-06T12:14:45.361+08:00  INFO 26996 --- [           main] db.sharib.InitAndLoadDatabase            : lineString: 9780545010306, Harry Potter and the Sorcerer's Stone 86, J.K. Rowling, 2019, 8.99, Fantasy, 
2026-06-06T12:14:45.361+08:00  INFO 26996 --- [           main] db.sharib.InitAndLoadDatabase            : book.toString(): Books [isbn=9780545010306, title=Harry Potter and the Sorcerer's Stone 86, authors=J.K. Rowling, yearPublished=2019, price=8.99, genre=Fantasy]
2026-06-06T12:14:45.363+08:00  INFO 26996 --- [           main] db.sharib.InitAndLoadDatabase            : lineString: 9780545010307, Harry Potter and the Sorcerer's Stone 87, J.K. Rowling, 2020, 8.99, Fantasy, 
2026-06-06T12:14:45.363+08:00  INFO 26996 --- [           main] db.sharib.InitAndLoadDatabase            : book.toString(): Books [isbn=9780545010307, title=Harry Potter and the Sorcerer's Stone 87, authors=J.K. Rowling, yearPublished=2020, price=8.99, genre=Fantasy]
2026-06-06T12:14:45.366+08:00  INFO 26996 --- [           main] db.sharib.InitAndLoadDatabase            : lineString: 9780545010308, Harry Potter and the Sorcerer's Stone 88, J.K. Rowling, 2021, 8.99, Fantasy, 
2026-06-06T12:14:45.367+08:00  INFO 26996 --- [           main] db.sharib.InitAndLoadDatabase            : book.toString(): Books [isbn=9780545010308, title=Harry Potter and the Sorcerer's Stone 88, authors=J.K. Rowling, yearPublished=2021, price=8.99, genre=Fantasy]
2026-06-06T12:14:45.369+08:00  INFO 26996 --- [           main] db.sharib.InitAndLoadDatabase            : lineString: 9780545010309, Harry Potter and the Sorcerer's Stone 89, J.K. Rowling, 2022, 8.99, Fantasy, 
2026-06-06T12:14:45.369+08:00  INFO 26996 --- [           main] db.sharib.InitAndLoadDatabase            : book.toString(): Books [isbn=9780545010309, title=Harry Potter and the Sorcerer's Stone 89, authors=J.K. Rowling, yearPublished=2022, price=8.99, genre=Fantasy]
2026-06-06T12:14:45.372+08:00  INFO 26996 --- [           main] db.sharib.InitAndLoadDatabase            : lineString: 9780545010310, Harry Potter and the Sorcerer's Stone 90, J.K. Rowling, 2023, 8.99, Fantasy, 
2026-06-06T12:14:45.372+08:00  INFO 26996 --- [           main] db.sharib.InitAndLoadDatabase            : book.toString(): Books [isbn=9780545010310, title=Harry Potter and the Sorcerer's Stone 90, authors=J.K. Rowling, yearPublished=2023, price=8.99, genre=Fantasy]
2026-06-06T12:14:45.374+08:00  INFO 26996 --- [           main] db.sharib.InitAndLoadDatabase            : lineString: 9780545010311, Harry Potter and the Sorcerer's Stone 91, J.K. Rowling, 2024, 8.99, Fantasy, 
2026-06-06T12:14:45.375+08:00  INFO 26996 --- [           main] db.sharib.InitAndLoadDatabase            : book.toString(): Books [isbn=9780545010311, title=Harry Potter and the Sorcerer's Stone 91, authors=J.K. Rowling, yearPublished=2024, price=8.99, genre=Fantasy]
2026-06-06T12:14:45.377+08:00  INFO 26996 --- [           main] db.sharib.InitAndLoadDatabase            : lineString: 9780545010312, Harry Potter and the Sorcerer's Stone 92, J.K. Rowling, 2025, 8.99, Fantasy, 
2026-06-06T12:14:45.377+08:00  INFO 26996 --- [           main] db.sharib.InitAndLoadDatabase            : book.toString(): Books [isbn=9780545010312, title=Harry Potter and the Sorcerer's Stone 92, authors=J.K. Rowling, yearPublished=2025, price=8.99, genre=Fantasy]
2026-06-06T12:14:45.378+08:00  INFO 26996 --- [           main] db.sharib.InitAndLoadDatabase            : lineString: 9780545010313, Harry Potter and the Sorcerer's Stone 93, J.K. Rowling, 2026, 8.99, Fantasy, 
2026-06-06T12:14:45.378+08:00  INFO 26996 --- [           main] db.sharib.InitAndLoadDatabase            : book.toString(): Books [isbn=9780545010313, title=Harry Potter and the Sorcerer's Stone 93, authors=J.K. Rowling, yearPublished=2026, price=8.99, genre=Fantasy]
2026-06-06T12:14:45.381+08:00  INFO 26996 --- [           main] db.sharib.InitAndLoadDatabase            : lineString: 9780545010314, Harry Potter and the Sorcerer's Stone 94, J.K. Rowling, 2027, 8.99, Fantasy, 
2026-06-06T12:14:45.381+08:00  INFO 26996 --- [           main] db.sharib.InitAndLoadDatabase            : book.toString(): Books [isbn=9780545010314, title=Harry Potter and the Sorcerer's Stone 94, authors=J.K. Rowling, yearPublished=2027, price=8.99, genre=Fantasy]
2026-06-06T12:14:45.384+08:00  INFO 26996 --- [           main] db.sharib.InitAndLoadDatabase            : lineString: 9780545010315, Harry Potter and the Sorcerer's Stone 95, J.K. Rowling, 2028, 8.99, Fantasy, 
2026-06-06T12:14:45.384+08:00  INFO 26996 --- [           main] db.sharib.InitAndLoadDatabase            : book.toString(): Books [isbn=9780545010315, title=Harry Potter and the Sorcerer's Stone 95, authors=J.K. Rowling, yearPublished=2028, price=8.99, genre=Fantasy]
2026-06-06T12:14:45.386+08:00  INFO 26996 --- [           main] db.sharib.InitAndLoadDatabase            : lineString: 9780545010316, Harry Potter and the Sorcerer's Stone 96, J.K. Rowling, 2029, 8.99, Fantasy, 
2026-06-06T12:14:45.386+08:00  INFO 26996 --- [           main] db.sharib.InitAndLoadDatabase            : book.toString(): Books [isbn=9780545010316, title=Harry Potter and the Sorcerer's Stone 96, authors=J.K. Rowling, yearPublished=2029, price=8.99, genre=Fantasy]
2026-06-06T12:14:45.388+08:00  INFO 26996 --- [           main] db.sharib.InitAndLoadDatabase            : lineString: 9780545010317, Harry Potter and the Sorcerer's Stone 97, J.K. Rowling, 2030, 8.99, Fantasy, 
2026-06-06T12:14:45.388+08:00  INFO 26996 --- [           main] db.sharib.InitAndLoadDatabase            : book.toString(): Books [isbn=9780545010317, title=Harry Potter and the Sorcerer's Stone 97, authors=J.K. Rowling, yearPublished=2030, price=8.99, genre=Fantasy]
2026-06-06T12:14:45.390+08:00  INFO 26996 --- [           main] db.sharib.InitAndLoadDatabase            : insertCount: 99
2026-06-06T12:14:45.391+08:00  INFO 26996 --- [           main] db.sharib.InitAndLoadDatabase            : Books Repository initialized and loaded!
2026-06-06T12:14:45.391+08:00  INFO 26996 --- [           main] db.sharib.InitAndLoadDatabase            : Initializing and loading database...
2026-06-06T12:14:45.391+08:00  INFO 26996 --- [           main] db.sharib.InitAndLoadDatabase            : Database initialized and loaded!
2026-06-06T12:14:45.391+08:00  INFO 26996 --- [           main] db.sharib.BookstoreApplication           : Started BookstoreApplication.
2026-06-06T12:14:45.394+08:00  WARN 26996 --- [           main] o.s.core.events.SpringDocAppInitializer  : SpringDoc /v3/api-docs endpoint is enabled by default. To disable it in production, set the property 'springdoc.api-docs.enabled=false'
2026-06-06T12:14:45.394+08:00  WARN 26996 --- [           main] o.s.core.events.SpringDocAppInitializer  : SpringDoc /swagger-ui.html endpoint is enabled by default. To disable it in production, set the property 'springdoc.swagger-ui.enabled=false'
2026-06-06T12:14:45.798+08:00  INFO 26996 --- [           main] db.sharib.ServiceControllerTest          : whenRequestGet_thenNotOK()
]]></system-out>
    <system-err><![CDATA[Mockito is currently self-attaching to enable the inline-mock-maker. This will no longer work in future releases of the JDK. Please add Mockito as an agent to your build as described in Mockito's documentation: https://javadoc.io/doc/org.mockito/mockito-core/latest/org.mockito/org/mockito/Mockito.html#0.3
WARNING: A Java agent has been loaded dynamically (C:\Users\Sharib\.m2\repository\net\bytebuddy\byte-buddy-agent\1.17.8\byte-buddy-agent-1.17.8.jar)
WARNING: If a serviceability tool is in use, please run with -XX:+EnableDynamicAgentLoading to hide this warning
WARNING: If a serviceability tool is not in use, please run with -Djdk.instrument.traceUsage for more information
WARNING: Dynamic loading of agents will be disallowed by default in a future release
]]></system-err>
  </testcase>
  <testcase name="whenRequestGet_thenOK" classname="db.sharib.ServiceControllerTest" time="2.484">
    <failure message="1 expectation failed.&#10;Expected status code &lt;200&gt; but was &lt;401&gt;.&#10;" type="java.lang.AssertionError"><![CDATA[java.lang.AssertionError: 
1 expectation failed.
Expected status code <200> but was <401>.

	at io.restassured.internal.ResponseSpecificationImpl$HamcrestAssertionClosure.validate(ResponseSpecificationImpl.groovy:516)
	at io.restassured.internal.ResponseSpecificationImpl.validateResponseIfRequired(ResponseSpecificationImpl.groovy:714)
	at io.restassured.internal.ResponseSpecificationImpl.statusCode(ResponseSpecificationImpl.groovy:139)
	at io.restassured.internal.ResponseSpecificationImpl.statusCode(ResponseSpecificationImpl.groovy:147)
	at io.restassured.internal.ValidatableResponseOptionsImpl.statusCode(ValidatableResponseOptionsImpl.java:89)
	at db.sharib.ServiceControllerTest.whenRequestGet_thenOK(ServiceControllerTest.java:39)
]]></failure>
    <system-out><![CDATA[2026-06-06T12:14:45.828+08:00  INFO 26996 --- [           main] db.sharib.ServiceControllerTest          : whenRequestGet_thenOK()
2026-06-06T12:14:47.948+08:00  INFO 26996 --- [nio-8080-exec-1] o.a.c.c.C.[Tomcat].[localhost].[/]       : Initializing Spring DispatcherServlet 'dispatcherServlet'
2026-06-06T12:14:47.949+08:00  INFO 26996 --- [nio-8080-exec-1] o.s.web.servlet.DispatcherServlet        : Initializing Servlet 'dispatcherServlet'
2026-06-06T12:14:47.951+08:00  INFO 26996 --- [nio-8080-exec-1] o.s.web.servlet.DispatcherServlet        : Completed initialization in 2 ms
]]></system-out>
  </testcase>
</testsuite>